# JRE version: Java(TM) SE Runtime Environment (8.0_101-b13) (build 1.8.0_101-b13)
# Java VM: Java HotSpot(TM) 64-Bit Server VM (25.101-b13 mixed mode windows-amd64 compressed oops)
Heap:
 PSYoungGen      total 221184K, used 133395K [0x00000000eab00000, 0x0000000100000000, 0x0000000100000000)
  eden space 165888K, 80% used [0x00000000eab00000,0x00000000f2d44dd8,0x00000000f4d00000)
  from space 55296K, 0% used [0x00000000fca00000,0x00000000fca00000,0x0000000100000000)
  to   space 91648K, 0% used [0x00000000f4d00000,0x00000000f4d00000,0x00000000fa680000)
 ParOldGen       total 234496K, used 234421K [0x00000000c0000000, 0x00000000ce500000, 0x00000000eab00000)
  object space 234496K, 99% used [0x00000000c0000000,0x00000000ce4ed500,0x00000000ce500000)
 Metaspace       used 6614K, capacity 7504K, committed 7680K, reserved 1056768K
  class space    used 613K, capacity 648K, committed 768K, reserved 1048576K
GC Heap History (10 events):
Event: 14.244 GC heap before
{Heap before GC invocations=15 (full 3):
 PSYoungGen      total 260608K, used 221498K [0x00000000eab00000, 0x0000000100000000, 0x0000000100000000)
  eden space 212480K, 100% used [0x00000000eab00000,0x00000000f7a80000,0x00000000f7a80000)
  from space 48128K, 18% used [0x00000000f7a80000,0x00000000f834e998,0x00000000fa980000)
  to   space 50176K, 0% used [0x00000000fcf00000,0x00000000fcf00000,0x0000000100000000)
 ParOldGen       total 234496K, used 142538K [0x00000000c0000000, 0x00000000ce500000, 0x00000000eab00000)
  object space 234496K, 60% used [0x00000000c0000000,0x00000000c8b32a18,0x00000000ce500000)
 Metaspace       used 6266K, capacity 7216K, committed 7296K, reserved 1056768K
  class space    used 593K, capacity 616K, committed 640K, reserved 1048576K
Event: 14.528 GC heap after
Heap after GC invocations=15 (full 3):
 PSYoungGen      total 288768K, used 42222K [0x00000000eab00000, 0x0000000100000000, 0x0000000100000000)
  eden space 238592K, 0% used [0x00000000eab00000,0x00000000eab00000,0x00000000f9400000)
  from space 50176K, 84% used [0x00000000fcf00000,0x00000000ff83ba80,0x0000000100000000)
  to   space 55296K, 0% used [0x00000000f9400000,0x00000000f9400000,0x00000000fca00000)
 ParOldGen       total 234496K, used 142538K [0x00000000c0000000, 0x00000000ce500000, 0x00000000eab00000)
  object space 234496K, 60% used [0x00000000c0000000,0x00000000c8b32a18,0x00000000ce500000)
 Metaspace       used 6266K, capacity 7216K, committed 7296K, reserved 1056768K
  class space    used 593K, capacity 616K, committed 640K, reserved 1048576K
}
Event: 16.163 GC heap before
{Heap before GC invocations=16 (full 3):
 PSYoungGen      total 288768K, used 280814K [0x00000000eab00000, 0x0000000100000000, 0x0000000100000000)
  eden space 238592K, 100% used [0x00000000eab00000,0x00000000f9400000,0x00000000f9400000)
  from space 50176K, 84% used [0x00000000fcf00000,0x00000000ff83ba80,0x0000000100000000)
  to   space 55296K, 0% used [0x00000000f9400000,0x00000000f9400000,0x00000000fca00000)
 ParOldGen       total 234496K, used 142538K [0x00000000c0000000, 0x00000000ce500000, 0x00000000eab00000)
  object space 234496K, 60% used [0x00000000c0000000,0x00000000c8b32a18,0x00000000ce500000)
 Metaspace       used 6269K, capacity 7216K, committed 7296K, reserved 1056768K
  class space    used 593K, capacity 616K, committed 640K, reserved 1048576K
Event: 16.303 GC heap after
Heap after GC invocations=16 (full 3):
 PSYoungGen      total 293888K, used 55293K [0x00000000eab00000, 0x0000000100000000, 0x0000000100000000)
  eden space 238592K, 0% used [0x00000000eab00000,0x00000000eab00000,0x00000000f9400000)
  from space 55296K, 99% used [0x00000000f9400000,0x00000000fc9ff538,0x00000000fca00000)
  to   space 55296K, 0% used [0x00000000fca00000,0x00000000fca00000,0x0000000100000000)
 ParOldGen       total 234496K, used 163374K [0x00000000c0000000, 0x00000000ce500000, 0x00000000eab00000)
  object space 234496K, 69% used [0x00000000c0000000,0x00000000c9f8bb28,0x00000000ce500000)
 Metaspace       used 6269K, capacity 7216K, committed 7296K, reserved 1056768K
  class space    used 593K, capacity 616K, committed 640K, reserved 1048576K
}
Event: 17.754 GC heap before
{Heap before GC invocations=17 (full 3):
 PSYoungGen      total 293888K, used 293885K [0x00000000eab00000, 0x0000000100000000, 0x0000000100000000)
  eden space 238592K, 100% used [0x00000000eab00000,0x00000000f9400000,0x00000000f9400000)
  from space 55296K, 99% used [0x00000000f9400000,0x00000000fc9ff538,0x00000000fca00000)
  to   space 55296K, 0% used [0x00000000fca00000,0x00000000fca00000,0x0000000100000000)
 ParOldGen       total 234496K, used 163374K [0x00000000c0000000, 0x00000000ce500000, 0x00000000eab00000)
  object space 234496K, 69% used [0x00000000c0000000,0x00000000c9f8bb28,0x00000000ce500000)
 Metaspace       used 6274K, capacity 7216K, committed 7296K, reserved 1056768K
  class space    used 593K, capacity 616K, committed 640K, reserved 1048576K
Event: 17.933 GC heap after
Heap after GC invocations=17 (full 3):
 PSYoungGen      total 221184K, used 55289K [0x00000000eab00000, 0x0000000100000000, 0x0000000100000000)
  eden space 165888K, 0% used [0x00000000eab00000,0x00000000eab00000,0x00000000f4d00000)
  from space 55296K, 99% used [0x00000000fca00000,0x00000000ffffe4a8,0x0000000100000000)
  to   space 91648K, 0% used [0x00000000f4d00000,0x00000000f4d00000,0x00000000fa680000)
 ParOldGen       total 234496K, used 201045K [0x00000000c0000000, 0x00000000ce500000, 0x00000000eab00000)
  object space 234496K, 85% used [0x00000000c0000000,0x00000000cc455588,0x00000000ce500000)
 Metaspace       used 6274K, capacity 7216K, committed 7296K, reserved 1056768K
  class space    used 593K, capacity 616K, committed 640K, reserved 1048576K
}
Event: 17.933 GC heap before
{Heap before GC invocations=18 (full 4):
 PSYoungGen      total 221184K, used 55289K [0x00000000eab00000, 0x0000000100000000, 0x0000000100000000)
  eden space 165888K, 0% used [0x00000000eab00000,0x00000000eab00000,0x00000000f4d00000)
  from space 55296K, 99% used [0x00000000fca00000,0x00000000ffffe4a8,0x0000000100000000)
  to   space 91648K, 0% used [0x00000000f4d00000,0x00000000f4d00000,0x00000000fa680000)
 ParOldGen       total 234496K, used 201045K [0x00000000c0000000, 0x00000000ce500000, 0x00000000eab00000)
  object space 234496K, 85% used [0x00000000c0000000,0x00000000cc455588,0x00000000ce500000)
 Metaspace       used 6274K, capacity 7216K, committed 7296K, reserved 1056768K
  class space    used 593K, capacity 616K, committed 640K, reserved 1048576K
Event: 20.024 GC heap after
Heap after GC invocations=18 (full 4):
 PSYoungGen      total 221184K, used 20915K [0x00000000eab00000, 0x0000000100000000, 0x0000000100000000)
  eden space 165888K, 0% used [0x00000000eab00000,0x00000000eab00000,0x00000000f4d00000)
  from space 55296K, 37% used [0x00000000fca00000,0x00000000fde6cc38,0x0000000100000000)
  to   space 91648K, 0% used [0x00000000f4d00000,0x00000000f4d00000,0x00000000fa680000)
 ParOldGen       total 234496K, used 234191K [0x00000000c0000000, 0x00000000ce500000, 0x00000000eab00000)
  object space 234496K, 99% used [0x00000000c0000000,0x00000000ce4b3d50,0x00000000ce500000)
 Metaspace       used 6274K, capacity 7216K, committed 7296K, reserved 1056768K
  class space    used 593K, capacity 616K, committed 640K, reserved 1048576K
}
Event: 21.129 GC heap before
{Heap before GC invocations=19 (full 5):
 PSYoungGen      total 221184K, used 186803K [0x00000000eab00000, 0x0000000100000000, 0x0000000100000000)
  eden space 165888K, 100% used [0x00000000eab00000,0x00000000f4d00000,0x00000000f4d00000)
  from space 55296K, 37% used [0x00000000fca00000,0x00000000fde6cc38,0x0000000100000000)
  to   space 91648K, 0% used [0x00000000f4d00000,0x00000000f4d00000,0x00000000fa680000)
 ParOldGen       total 234496K, used 234191K [0x00000000c0000000, 0x00000000ce500000, 0x00000000eab00000)
  object space 234496K, 99% used [0x00000000c0000000,0x00000000ce4b3d50,0x00000000ce500000)
 Metaspace       used 6278K, capacity 7216K, committed 7296K, reserved 1056768K
  class space    used 593K, capacity 616K, committed 640K, reserved 1048576K
Event: 22.379 GC heap after
Heap after GC invocations=19 (full 5):
 PSYoungGen      total 221184K, used 45141K [0x00000000eab00000, 0x0000000100000000, 0x0000000100000000)
  eden space 165888K, 27% used [0x00000000eab00000,0x00000000ed715608,0x00000000f4d00000)
  from space 55296K, 0% used [0x00000000fca00000,0x00000000fca00000,0x0000000100000000)
  to   space 91648K, 0% used [0x00000000f4d00000,0x00000000f4d00000,0x00000000fa680000)
 ParOldGen       total 234496K, used 234421K [0x00000000c0000000, 0x00000000ce500000, 0x00000000eab00000)
  object space 234496K, 99% used [0x00000000c0000000,0x00000000ce4ed500,0x00000000ce500000)
 Metaspace       used 6278K, capacity 7216K, committed 7296K, reserved 1056768K
  class space    used 593K, capacity 616K, committed 640K, reserved 1048576K
}

