# JRE version: Java(TM) SE Runtime Environment (8.0_101-b13) (build 1.8.0_101-b13)
# Java VM: Java HotSpot(TM) 64-Bit Server VM (25.101-b13 mixed mode windows-amd64 compressed oops)
Heap:
 PSYoungGen      total 175616K, used 120481K [0x00000000eab00000, 0x00000000f9100000, 0x0000000100000000)
  eden space 148992K, 80% used [0x00000000eab00000,0x00000000f20a8710,0x00000000f3c80000)
  from space 26624K, 0% used [0x00000000f5d00000,0x00000000f5d00000,0x00000000f7700000)
  to   space 23040K, 0% used [0x00000000f7a80000,0x00000000f7a80000,0x00000000f9100000)
 ParOldGen       total 75264K, used 75060K [0x00000000c0000000, 0x00000000c4980000, 0x00000000eab00000)
  object space 75264K, 99% used [0x00000000c0000000,0x00000000c494d2c0,0x00000000c4980000)
 Metaspace       used 6273K, capacity 7216K, committed 7296K, reserved 1056768K
  class space    used 592K, capacity 616K, committed 640K, reserved 1048576K
GC Heap History (10 events):
Event: 9.657 GC heap before
{Heap before GC invocations=14 (full 3):
 PSYoungGen      total 175616K, used 165283K [0x00000000eab00000, 0x00000000f9100000, 0x0000000100000000)
  eden space 148992K, 100% used [0x00000000eab00000,0x00000000f3c80000,0x00000000f3c80000)
  from space 26624K, 61% used [0x00000000f5d00000,0x00000000f6ce8d00,0x00000000f7700000)
  to   space 23040K, 0% used [0x00000000f7a80000,0x00000000f7a80000,0x00000000f9100000)
 ParOldGen       total 75264K, used 74963K [0x00000000c0000000, 0x00000000c4980000, 0x00000000eab00000)
  object space 75264K, 99% used [0x00000000c0000000,0x00000000c4934f70,0x00000000c4980000)
 Metaspace       used 6255K, capacity 7216K, committed 7296K, reserved 1056768K
  class space    used 592K, capacity 616K, committed 640K, reserved 1048576K
Event: 10.410 GC heap after
Heap after GC invocations=14 (full 3):
 PSYoungGen      total 175616K, used 37321K [0x00000000eab00000, 0x00000000f9100000, 0x0000000100000000)
  eden space 148992K, 25% used [0x00000000eab00000,0x00000000ecf72648,0x00000000f3c80000)
  from space 26624K, 0% used [0x00000000f5d00000,0x00000000f5d00000,0x00000000f7700000)
  to   space 23040K, 0% used [0x00000000f7a80000,0x00000000f7a80000,0x00000000f9100000)
 ParOldGen       total 75264K, used 75216K [0x00000000c0000000, 0x00000000c4980000, 0x00000000eab00000)
  object space 75264K, 99% used [0x00000000c0000000,0x00000000c4974120,0x00000000c4980000)
 Metaspace       used 6255K, capacity 7216K, committed 7296K, reserved 1056768K
  class space    used 592K, capacity 616K, committed 640K, reserved 1048576K
}
Event: 11.253 GC heap before
{Heap before GC invocations=15 (full 4):
 PSYoungGen      total 175616K, used 148992K [0x00000000eab00000, 0x00000000f9100000, 0x0000000100000000)
  eden space 148992K, 100% used [0x00000000eab00000,0x00000000f3c80000,0x00000000f3c80000)
  from space 26624K, 0% used [0x00000000f5d00000,0x00000000f5d00000,0x00000000f7700000)
  to   space 23040K, 0% used [0x00000000f7a80000,0x00000000f7a80000,0x00000000f9100000)
 ParOldGen       total 75264K, used 75216K [0x00000000c0000000, 0x00000000c4980000, 0x00000000eab00000)
  object space 75264K, 99% used [0x00000000c0000000,0x00000000c4974120,0x00000000c4980000)
 Metaspace       used 6258K, capacity 7216K, committed 7296K, reserved 1056768K
  class space    used 592K, capacity 616K, committed 640K, reserved 1048576K
Event: 12.310 GC heap after
Heap after GC invocations=15 (full 4):
 PSYoungGen      total 175616K, used 53368K [0x00000000eab00000, 0x00000000f9100000, 0x0000000100000000)
  eden space 148992K, 35% used [0x00000000eab00000,0x00000000edf1e3a0,0x00000000f3c80000)
  from space 26624K, 0% used [0x00000000f5d00000,0x00000000f5d00000,0x00000000f7700000)
  to   space 23040K, 0% used [0x00000000f7a80000,0x00000000f7a80000,0x00000000f9100000)
 ParOldGen       total 75264K, used 75164K [0x00000000c0000000, 0x00000000c4980000, 0x00000000eab00000)
  object space 75264K, 99% used [0x00000000c0000000,0x00000000c4967070,0x00000000c4980000)
 Metaspace       used 6258K, capacity 7216K, committed 7296K, reserved 1056768K
  class space    used 592K, capacity 616K, committed 640K, reserved 1048576K
}
Event: 13.084 GC heap before
{Heap before GC invocations=16 (full 5):
 PSYoungGen      total 175616K, used 148992K [0x00000000eab00000, 0x00000000f9100000, 0x0000000100000000)
  eden space 148992K, 100% used [0x00000000eab00000,0x00000000f3c80000,0x00000000f3c80000)
  from space 26624K, 0% used [0x00000000f5d00000,0x00000000f5d00000,0x00000000f7700000)
  to   space 23040K, 0% used [0x00000000f7a80000,0x00000000f7a80000,0x00000000f9100000)
 ParOldGen       total 75264K, used 75164K [0x00000000c0000000, 0x00000000c4980000, 0x00000000eab00000)
  object space 75264K, 99% used [0x00000000c0000000,0x00000000c4967070,0x00000000c4980000)
 Metaspace       used 6261K, capacity 7216K, committed 7296K, reserved 1056768K
  class space    used 592K, capacity 616K, committed 640K, reserved 1048576K
Event: 15.688 GC heap after
Heap after GC invocations=16 (full 5):
 PSYoungGen      total 175616K, used 68286K [0x00000000eab00000, 0x00000000f9100000, 0x0000000100000000)
  eden space 148992K, 45% used [0x00000000eab00000,0x00000000eedaf938,0x00000000f3c80000)
  from space 26624K, 0% used [0x00000000f5d00000,0x00000000f5d00000,0x00000000f7700000)
  to   space 23040K, 0% used [0x00000000f7a80000,0x00000000f7a80000,0x00000000f9100000)
 ParOldGen       total 75264K, used 75099K [0x00000000c0000000, 0x00000000c4980000, 0x00000000eab00000)
  object space 75264K, 99% used [0x00000000c0000000,0x00000000c4956de0,0x00000000c4980000)
 Metaspace       used 6261K, capacity 7216K, committed 7296K, reserved 1056768K
  class space    used 592K, capacity 616K, committed 640K, reserved 1048576K
}
Event: 16.345 GC heap before
{Heap before GC invocations=17 (full 6):
 PSYoungGen      total 175616K, used 148992K [0x00000000eab00000, 0x00000000f9100000, 0x0000000100000000)
  eden space 148992K, 100% used [0x00000000eab00000,0x00000000f3c80000,0x00000000f3c80000)
  from space 26624K, 0% used [0x00000000f5d00000,0x00000000f5d00000,0x00000000f7700000)
  to   space 23040K, 0% used [0x00000000f7a80000,0x00000000f7a80000,0x00000000f9100000)
 ParOldGen       total 75264K, used 75099K [0x00000000c0000000, 0x00000000c4980000, 0x00000000eab00000)
  object space 75264K, 99% used [0x00000000c0000000,0x00000000c4956de0,0x00000000c4980000)
 Metaspace       used 6262K, capacity 7216K, committed 7296K, reserved 1056768K
  class space    used 592K, capacity 616K, committed 640K, reserved 1048576K
Event: 17.194 GC heap after
Heap after GC invocations=17 (full 6):
 PSYoungGen      total 175616K, used 80978K [0x00000000eab00000, 0x00000000f9100000, 0x0000000100000000)
  eden space 148992K, 54% used [0x00000000eab00000,0x00000000efa14ac0,0x00000000f3c80000)
  from space 26624K, 0% used [0x00000000f5d00000,0x00000000f5d00000,0x00000000f7700000)
  to   space 23040K, 0% used [0x00000000f7a80000,0x00000000f7a80000,0x00000000f9100000)
 ParOldGen       total 75264K, used 75062K [0x00000000c0000000, 0x00000000c4980000, 0x00000000eab00000)
  object space 75264K, 99% used [0x00000000c0000000,0x00000000c494db40,0x00000000c4980000)
 Metaspace       used 6262K, capacity 7216K, committed 7296K, reserved 1056768K
  class space    used 592K, capacity 616K, committed 640K, reserved 1048576K
}
Event: 17.723 GC heap before
{Heap before GC invocations=18 (full 7):
 PSYoungGen      total 175616K, used 148992K [0x00000000eab00000, 0x00000000f9100000, 0x0000000100000000)
  eden space 148992K, 100% used [0x00000000eab00000,0x00000000f3c80000,0x00000000f3c80000)
  from space 26624K, 0% used [0x00000000f5d00000,0x00000000f5d00000,0x00000000f7700000)
  to   space 23040K, 0% used [0x00000000f7a80000,0x00000000f7a80000,0x00000000f9100000)
 ParOldGen       total 75264K, used 75062K [0x00000000c0000000, 0x00000000c4980000, 0x00000000eab00000)
  object space 75264K, 99% used [0x00000000c0000000,0x00000000c494db40,0x00000000c4980000)
 Metaspace       used 6272K, capacity 7216K, committed 7296K, reserved 1056768K
  class space    used 592K, capacity 616K, committed 640K, reserved 1048576K
Event: 18.822 GC heap after
Heap after GC invocations=18 (full 7):
 PSYoungGen      total 175616K, used 90108K [0x00000000eab00000, 0x00000000f9100000, 0x0000000100000000)
  eden space 148992K, 60% used [0x00000000eab00000,0x00000000f02ff138,0x00000000f3c80000)
  from space 26624K, 0% used [0x00000000f5d00000,0x00000000f5d00000,0x00000000f7700000)
  to   space 23040K, 0% used [0x00000000f7a80000,0x00000000f7a80000,0x00000000f9100000)
 ParOldGen       total 75264K, used 75060K [0x00000000c0000000, 0x00000000c4980000, 0x00000000eab00000)
  object space 75264K, 99% used [0x00000000c0000000,0x00000000c494d2c0,0x00000000c4980000)
 Metaspace       used 6272K, capacity 7216K, committed 7296K, reserved 1056768K
  class space    used 592K, capacity 616K, committed 640K, reserved 1048576K
}

