# JRE version: Java(TM) SE Runtime Environment (8.0_101-b13) (build 1.8.0_101-b13)
# Java VM: Java HotSpot(TM) 64-Bit Server VM (25.101-b13 mixed mode windows-amd64 compressed oops)
Heap:
 PSYoungGen      total 17920K, used 4648K [0x00000000eab00000, 0x00000000ebf00000, 0x0000000100000000)
  eden space 15360K, 13% used [0x00000000eab00000,0x00000000ead122f8,0x00000000eba00000)
  from space 2560K, 98% used [0x00000000ebc80000,0x00000000ebef8010,0x00000000ebf00000)
  to   space 2560K, 0% used [0x00000000eba00000,0x00000000eba00000,0x00000000ebc80000)
 ParOldGen       total 35328K, used 4182K [0x00000000c0000000, 0x00000000c2280000, 0x00000000eab00000)
  object space 35328K, 11% used [0x00000000c0000000,0x00000000c0415a88,0x00000000c2280000)
 Metaspace       used 5700K, capacity 6896K, committed 7040K, reserved 1058816K
  class space    used 568K, capacity 616K, committed 640K, reserved 1048576K
GC Heap History (6 events):
Event: 2.037 GC heap before
{Heap before GC invocations=1 (full 0):
 PSYoungGen      total 17920K, used 15123K [0x00000000eab00000, 0x00000000ebf00000, 0x0000000100000000)
  eden space 15360K, 98% used [0x00000000eab00000,0x00000000eb9c4db0,0x00000000eba00000)
  from space 2560K, 0% used [0x00000000ebc80000,0x00000000ebc80000,0x00000000ebf00000)
  to   space 2560K, 0% used [0x00000000eba00000,0x00000000eba00000,0x00000000ebc80000)
 ParOldGen       total 40960K, used 0K [0x00000000c0000000, 0x00000000c2800000, 0x00000000eab00000)
  object space 40960K, 0% used [0x00000000c0000000,0x00000000c0000000,0x00000000c2800000)
 Metaspace       used 5536K, capacity 6704K, committed 6784K, reserved 1060864K
  class space    used 565K, capacity 616K, committed 640K, reserved 1048576K
Event: 2.043 GC heap after
Heap after GC invocations=1 (full 0):
 PSYoungGen      total 17920K, used 2544K [0x00000000eab00000, 0x00000000ebf00000, 0x0000000100000000)
  eden space 15360K, 0% used [0x00000000eab00000,0x00000000eab00000,0x00000000eba00000)
  from space 2560K, 99% used [0x00000000eba00000,0x00000000ebc7c298,0x00000000ebc80000)
  to   space 2560K, 0% used [0x00000000ebc80000,0x00000000ebc80000,0x00000000ebf00000)
 ParOldGen       total 40960K, used 1721K [0x00000000c0000000, 0x00000000c2800000, 0x00000000eab00000)
  object space 40960K, 4% used [0x00000000c0000000,0x00000000c01ae568,0x00000000c2800000)
 Metaspace       used 5536K, capacity 6704K, committed 6784K, reserved 1060864K
  class space    used 565K, capacity 616K, committed 640K, reserved 1048576K
}
Event: 2.043 GC heap before
{Heap before GC invocations=2 (full 1):
 PSYoungGen      total 17920K, used 2544K [0x00000000eab00000, 0x00000000ebf00000, 0x0000000100000000)
  eden space 15360K, 0% used [0x00000000eab00000,0x00000000eab00000,0x00000000eba00000)
  from space 2560K, 99% used [0x00000000eba00000,0x00000000ebc7c298,0x00000000ebc80000)
  to   space 2560K, 0% used [0x00000000ebc80000,0x00000000ebc80000,0x00000000ebf00000)
 ParOldGen       total 40960K, used 1721K [0x00000000c0000000, 0x00000000c2800000, 0x00000000eab00000)
  object space 40960K, 4% used [0x00000000c0000000,0x00000000c01ae568,0x00000000c2800000)
 Metaspace       used 5536K, capacity 6704K, committed 6784K, reserved 1060864K
  class space    used 565K, capacity 616K, committed 640K, reserved 1048576K
Event: 2.080 GC heap after
Heap after GC invocations=2 (full 1):
 PSYoungGen      total 17920K, used 0K [0x00000000eab00000, 0x00000000ebf00000, 0x0000000100000000)
  eden space 15360K, 0% used [0x00000000eab00000,0x00000000eab00000,0x00000000eba00000)
  from space 2560K, 0% used [0x00000000eba00000,0x00000000eba00000,0x00000000ebc80000)
  to   space 2560K, 0% used [0x00000000ebc80000,0x00000000ebc80000,0x00000000ebf00000)
 ParOldGen       total 35328K, used 4149K [0x00000000c0000000, 0x00000000c2280000, 0x00000000eab00000)
  object space 35328K, 11% used [0x00000000c0000000,0x00000000c040d748,0x00000000c2280000)
 Metaspace       used 5536K, capacity 6704K, committed 6784K, reserved 1058816K
  class space    used 565K, capacity 616K, committed 640K, reserved 1048576K
}
Event: 2.498 GC heap before
{Heap before GC invocations=3 (full 1):
 PSYoungGen      total 17920K, used 15360K [0x00000000eab00000, 0x00000000ebf00000, 0x0000000100000000)
  eden space 15360K, 100% used [0x00000000eab00000,0x00000000eba00000,0x00000000eba00000)
  from space 2560K, 0% used [0x00000000eba00000,0x00000000eba00000,0x00000000ebc80000)
  to   space 2560K, 0% used [0x00000000ebc80000,0x00000000ebc80000,0x00000000ebf00000)
 ParOldGen       total 35328K, used 4149K [0x00000000c0000000, 0x00000000c2280000, 0x00000000eab00000)
  object space 35328K, 11% used [0x00000000c0000000,0x00000000c040d748,0x00000000c2280000)
 Metaspace       used 5682K, capacity 6832K, committed 7040K, reserved 1058816K
  class space    used 568K, capacity 616K, committed 640K, reserved 1048576K
Event: 2.502 GC heap after
Heap after GC invocations=3 (full 1):
 PSYoungGen      total 17920K, used 2528K [0x00000000eab00000, 0x00000000ebf00000, 0x0000000100000000)
  eden space 15360K, 0% used [0x00000000eab00000,0x00000000eab00000,0x00000000eba00000)
  from space 2560K, 98% used [0x00000000ebc80000,0x00000000ebef8010,0x00000000ebf00000)
  to   space 2560K, 0% used [0x00000000eba00000,0x00000000eba00000,0x00000000ebc80000)
 ParOldGen       total 35328K, used 4182K [0x00000000c0000000, 0x00000000c2280000, 0x00000000eab00000)
  object space 35328K, 11% used [0x00000000c0000000,0x00000000c0415a88,0x00000000c2280000)
 Metaspace       used 5682K, capacity 6832K, committed 7040K, reserved 1058816K
  class space    used 568K, capacity 616K, committed 640K, reserved 1048576K
}

