# JRE version: Java(TM) SE Runtime Environment (8.0_101-b13) (build 1.8.0_101-b13)
# Java VM: Java HotSpot(TM) 64-Bit Server VM (25.101-b13 mixed mode windows-amd64 compressed oops)
Heap:
 PSYoungGen      total 207360K, used 136516K [0x00000000eab00000, 0x00000000fa880000, 0x0000000100000000)
  eden space 178176K, 76% used [0x00000000eab00000,0x00000000f3051020,0x00000000f5900000)
  from space 29184K, 0% used [0x00000000f5900000,0x00000000f5900000,0x00000000f7580000)
  to   space 32256K, 0% used [0x00000000f8900000,0x00000000f8900000,0x00000000fa880000)
 ParOldGen       total 75264K, used 75177K [0x00000000c0000000, 0x00000000c4980000, 0x00000000eab00000)
  object space 75264K, 99% used [0x00000000c0000000,0x00000000c496a6b8,0x00000000c4980000)
 Metaspace       used 6270K, capacity 7216K, committed 7296K, reserved 1056768K
  class space    used 592K, capacity 616K, committed 640K, reserved 1048576K
GC Heap History (10 events):
Event: 8.027 GC heap before
{Heap before GC invocations=13 (full 2):
 PSYoungGen      total 207360K, used 25589K [0x00000000eab00000, 0x00000000fa880000, 0x0000000100000000)
  eden space 178176K, 0% used [0x00000000eab00000,0x00000000eab00000,0x00000000f5900000)
  from space 29184K, 87% used [0x00000000f5900000,0x00000000f71fd670,0x00000000f7580000)
  to   space 32256K, 0% used [0x00000000f8900000,0x00000000f8900000,0x00000000fa880000)
 ParOldGen       total 75264K, used 70152K [0x00000000c0000000, 0x00000000c4980000, 0x00000000eab00000)
  object space 75264K, 93% used [0x00000000c0000000,0x00000000c4482398,0x00000000c4980000)
 Metaspace       used 6242K, capacity 7216K, committed 7296K, reserved 1056768K
  class space    used 592K, capacity 616K, committed 640K, reserved 1048576K
Event: 10.273 GC heap after
Heap after GC invocations=13 (full 2):
 PSYoungGen      total 207360K, used 17234K [0x00000000eab00000, 0x00000000fa880000, 0x0000000100000000)
  eden space 178176K, 0% used [0x00000000eab00000,0x00000000eab00000,0x00000000f5900000)
  from space 29184K, 59% used [0x00000000f5900000,0x00000000f69d4938,0x00000000f7580000)
  to   space 32256K, 0% used [0x00000000f8900000,0x00000000f8900000,0x00000000fa880000)
 ParOldGen       total 75264K, used 75038K [0x00000000c0000000, 0x00000000c4980000, 0x00000000eab00000)
  object space 75264K, 99% used [0x00000000c0000000,0x00000000c4947a68,0x00000000c4980000)
 Metaspace       used 6242K, capacity 7216K, committed 7296K, reserved 1056768K
  class space    used 592K, capacity 616K, committed 640K, reserved 1048576K
}
Event: 11.654 GC heap before
{Heap before GC invocations=14 (full 3):
 PSYoungGen      total 207360K, used 195410K [0x00000000eab00000, 0x00000000fa880000, 0x0000000100000000)
  eden space 178176K, 100% used [0x00000000eab00000,0x00000000f5900000,0x00000000f5900000)
  from space 29184K, 59% used [0x00000000f5900000,0x00000000f69d4938,0x00000000f7580000)
  to   space 32256K, 0% used [0x00000000f8900000,0x00000000f8900000,0x00000000fa880000)
 ParOldGen       total 75264K, used 75038K [0x00000000c0000000, 0x00000000c4980000, 0x00000000eab00000)
  object space 75264K, 99% used [0x00000000c0000000,0x00000000c4947a68,0x00000000c4980000)
 Metaspace       used 6252K, capacity 7216K, committed 7296K, reserved 1056768K
  class space    used 592K, capacity 616K, committed 640K, reserved 1048576K
Event: 12.611 GC heap after
Heap after GC invocations=14 (full 3):
 PSYoungGen      total 207360K, used 42413K [0x00000000eab00000, 0x00000000fa880000, 0x0000000100000000)
  eden space 178176K, 23% used [0x00000000eab00000,0x00000000ed46b680,0x00000000f5900000)
  from space 29184K, 0% used [0x00000000f5900000,0x00000000f5900000,0x00000000f7580000)
  to   space 32256K, 0% used [0x00000000f8900000,0x00000000f8900000,0x00000000fa880000)
 ParOldGen       total 75264K, used 75183K [0x00000000c0000000, 0x00000000c4980000, 0x00000000eab00000)
  object space 75264K, 99% used [0x00000000c0000000,0x00000000c496bff0,0x00000000c4980000)
 Metaspace       used 6252K, capacity 7216K, committed 7296K, reserved 1056768K
  class space    used 592K, capacity 616K, committed 640K, reserved 1048576K
}
Event: 13.635 GC heap before
{Heap before GC invocations=15 (full 4):
 PSYoungGen      total 207360K, used 178176K [0x00000000eab00000, 0x00000000fa880000, 0x0000000100000000)
  eden space 178176K, 100% used [0x00000000eab00000,0x00000000f5900000,0x00000000f5900000)
  from space 29184K, 0% used [0x00000000f5900000,0x00000000f5900000,0x00000000f7580000)
  to   space 32256K, 0% used [0x00000000f8900000,0x00000000f8900000,0x00000000fa880000)
 ParOldGen       total 75264K, used 75183K [0x00000000c0000000, 0x00000000c4980000, 0x00000000eab00000)
  object space 75264K, 99% used [0x00000000c0000000,0x00000000c496bff0,0x00000000c4980000)
 Metaspace       used 6256K, capacity 7216K, committed 7296K, reserved 1056768K
  class space    used 592K, capacity 616K, committed 640K, reserved 1048576K
Event: 15.079 GC heap after
Heap after GC invocations=15 (full 4):
 PSYoungGen      total 207360K, used 62853K [0x00000000eab00000, 0x00000000fa880000, 0x0000000100000000)
  eden space 178176K, 35% used [0x00000000eab00000,0x00000000ee861618,0x00000000f5900000)
  from space 29184K, 0% used [0x00000000f5900000,0x00000000f5900000,0x00000000f7580000)
  to   space 32256K, 0% used [0x00000000f8900000,0x00000000f8900000,0x00000000fa880000)
 ParOldGen       total 75264K, used 75180K [0x00000000c0000000, 0x00000000c4980000, 0x00000000eab00000)
  object space 75264K, 99% used [0x00000000c0000000,0x00000000c496b3d8,0x00000000c4980000)
 Metaspace       used 6256K, capacity 7216K, committed 7296K, reserved 1056768K
  class space    used 592K, capacity 616K, committed 640K, reserved 1048576K
}
Event: 15.978 GC heap before
{Heap before GC invocations=16 (full 5):
 PSYoungGen      total 207360K, used 178176K [0x00000000eab00000, 0x00000000fa880000, 0x0000000100000000)
  eden space 178176K, 100% used [0x00000000eab00000,0x00000000f5900000,0x00000000f5900000)
  from space 29184K, 0% used [0x00000000f5900000,0x00000000f5900000,0x00000000f7580000)
  to   space 32256K, 0% used [0x00000000f8900000,0x00000000f8900000,0x00000000fa880000)
 ParOldGen       total 75264K, used 75180K [0x00000000c0000000, 0x00000000c4980000, 0x00000000eab00000)
  object space 75264K, 99% used [0x00000000c0000000,0x00000000c496b3d8,0x00000000c4980000)
 Metaspace       used 6258K, capacity 7216K, committed 7296K, reserved 1056768K
  class space    used 592K, capacity 616K, committed 640K, reserved 1048576K
Event: 17.060 GC heap after
Heap after GC invocations=16 (full 5):
 PSYoungGen      total 207360K, used 81292K [0x00000000eab00000, 0x00000000fa880000, 0x0000000100000000)
  eden space 178176K, 45% used [0x00000000eab00000,0x00000000efa632f0,0x00000000f5900000)
  from space 29184K, 0% used [0x00000000f5900000,0x00000000f5900000,0x00000000f7580000)
  to   space 32256K, 0% used [0x00000000f8900000,0x00000000f8900000,0x00000000fa880000)
 ParOldGen       total 75264K, used 75180K [0x00000000c0000000, 0x00000000c4980000, 0x00000000eab00000)
  object space 75264K, 99% used [0x00000000c0000000,0x00000000c496b098,0x00000000c4980000)
 Metaspace       used 6258K, capacity 7216K, committed 7296K, reserved 1056768K
  class space    used 592K, capacity 616K, committed 640K, reserved 1048576K
}
Event: 17.744 GC heap before
{Heap before GC invocations=17 (full 6):
 PSYoungGen      total 207360K, used 178176K [0x00000000eab00000, 0x00000000fa880000, 0x0000000100000000)
  eden space 178176K, 100% used [0x00000000eab00000,0x00000000f5900000,0x00000000f5900000)
  from space 29184K, 0% used [0x00000000f5900000,0x00000000f5900000,0x00000000f7580000)
  to   space 32256K, 0% used [0x00000000f8900000,0x00000000f8900000,0x00000000fa880000)
 ParOldGen       total 75264K, used 75180K [0x00000000c0000000, 0x00000000c4980000, 0x00000000eab00000)
  object space 75264K, 99% used [0x00000000c0000000,0x00000000c496b098,0x00000000c4980000)
 Metaspace       used 6269K, capacity 7216K, committed 7296K, reserved 1056768K
  class space    used 592K, capacity 616K, committed 640K, reserved 1048576K
Event: 18.929 GC heap after
Heap after GC invocations=17 (full 6):
 PSYoungGen      total 207360K, used 95196K [0x00000000eab00000, 0x00000000fa880000, 0x0000000100000000)
  eden space 178176K, 53% used [0x00000000eab00000,0x00000000f07f70b8,0x00000000f5900000)
  from space 29184K, 0% used [0x00000000f5900000,0x00000000f5900000,0x00000000f7580000)
  to   space 32256K, 0% used [0x00000000f8900000,0x00000000f8900000,0x00000000fa880000)
 ParOldGen       total 75264K, used 75177K [0x00000000c0000000, 0x00000000c4980000, 0x00000000eab00000)
  object space 75264K, 99% used [0x00000000c0000000,0x00000000c496a6b8,0x00000000c4980000)
 Metaspace       used 6269K, capacity 7216K, committed 7296K, reserved 1056768K
  class space    used 592K, capacity 616K, committed 640K, reserved 1048576K
}

