# JRE version: Java(TM) SE Runtime Environment (8.0_101-b13) (build 1.8.0_101-b13)
# Java VM: Java HotSpot(TM) 64-Bit Server VM (25.101-b13 mixed mode windows-amd64 compressed oops)
Heap:
 PSYoungGen      total 160768K, used 90532K [0x00000000eab00000, 0x00000000f9200000, 0x0000000100000000)
  eden space 98304K, 63% used [0x00000000eab00000,0x00000000ee86ca68,0x00000000f0b00000)
  from space 62464K, 44% used [0x00000000f5500000,0x00000000f6ffc970,0x00000000f9200000)
  to   space 55296K, 0% used [0x00000000f0b00000,0x00000000f0b00000,0x00000000f4100000)
 ParOldGen       total 228352K, used 227968K [0x00000000c0000000, 0x00000000cdf00000, 0x00000000eab00000)
  object space 228352K, 99% used [0x00000000c0000000,0x00000000cdea0030,0x00000000cdf00000)
 Metaspace       used 6292K, capacity 7216K, committed 7296K, reserved 1056768K
  class space    used 594K, capacity 616K, committed 640K, reserved 1048576K
GC Heap History (10 events):
Event: 58.512 GC heap before
{Heap before GC invocations=27 (full 4):
 PSYoungGen      total 150528K, used 136564K [0x00000000eab00000, 0x00000000f7b00000, 0x0000000100000000)
  eden space 98304K, 100% used [0x00000000eab00000,0x00000000f0b00000,0x00000000f0b00000)
  from space 52224K, 73% used [0x00000000f4100000,0x00000000f665d178,0x00000000f7400000)
  to   space 55296K, 0% used [0x00000000f0b00000,0x00000000f0b00000,0x00000000f4100000)
 ParOldGen       total 228352K, used 160174K [0x00000000c0000000, 0x00000000cdf00000, 0x00000000eab00000)
  object space 228352K, 70% used [0x00000000c0000000,0x00000000c9c6b980,0x00000000cdf00000)
 Metaspace       used 6285K, capacity 7216K, committed 7296K, reserved 1056768K
  class space    used 594K, capacity 616K, committed 640K, reserved 1048576K
Event: 58.955 GC heap after
Heap after GC invocations=27 (full 4):
 PSYoungGen      total 153600K, used 52243K [0x00000000eab00000, 0x00000000f9200000, 0x0000000100000000)
  eden space 98304K, 0% used [0x00000000eab00000,0x00000000eab00000,0x00000000f0b00000)
  from space 55296K, 94% used [0x00000000f0b00000,0x00000000f3e04cd0,0x00000000f4100000)
  to   space 62464K, 0% used [0x00000000f5500000,0x00000000f5500000,0x00000000f9200000)
 ParOldGen       total 228352K, used 160182K [0x00000000c0000000, 0x00000000cdf00000, 0x00000000eab00000)
  object space 228352K, 70% used [0x00000000c0000000,0x00000000c9c6d980,0x00000000cdf00000)
 Metaspace       used 6285K, capacity 7216K, committed 7296K, reserved 1056768K
  class space    used 594K, capacity 616K, committed 640K, reserved 1048576K
}
Event: 60.698 GC heap before
{Heap before GC invocations=28 (full 4):
 PSYoungGen      total 153600K, used 150547K [0x00000000eab00000, 0x00000000f9200000, 0x0000000100000000)
  eden space 98304K, 100% used [0x00000000eab00000,0x00000000f0b00000,0x00000000f0b00000)
  from space 55296K, 94% used [0x00000000f0b00000,0x00000000f3e04cd0,0x00000000f4100000)
  to   space 62464K, 0% used [0x00000000f5500000,0x00000000f5500000,0x00000000f9200000)
 ParOldGen       total 228352K, used 160182K [0x00000000c0000000, 0x00000000cdf00000, 0x00000000eab00000)
  object space 228352K, 70% used [0x00000000c0000000,0x00000000c9c6d980,0x00000000cdf00000)
 Metaspace       used 6285K, capacity 7216K, committed 7296K, reserved 1056768K
  class space    used 594K, capacity 616K, committed 640K, reserved 1048576K
Event: 61.054 GC heap after
Heap after GC invocations=28 (full 4):
 PSYoungGen      total 160768K, used 62454K [0x00000000eab00000, 0x00000000f9200000, 0x0000000100000000)
  eden space 98304K, 0% used [0x00000000eab00000,0x00000000eab00000,0x00000000f0b00000)
  from space 62464K, 99% used [0x00000000f5500000,0x00000000f91fd868,0x00000000f9200000)
  to   space 55296K, 0% used [0x00000000f0b00000,0x00000000f0b00000,0x00000000f4100000)
 ParOldGen       total 228352K, used 163970K [0x00000000c0000000, 0x00000000cdf00000, 0x00000000eab00000)
  object space 228352K, 71% used [0x00000000c0000000,0x00000000ca020a90,0x00000000cdf00000)
 Metaspace       used 6285K, capacity 7216K, committed 7296K, reserved 1056768K
  class space    used 594K, capacity 616K, committed 640K, reserved 1048576K
}
Event: 62.938 GC heap before
{Heap before GC invocations=29 (full 4):
 PSYoungGen      total 160768K, used 160758K [0x00000000eab00000, 0x00000000f9200000, 0x0000000100000000)
  eden space 98304K, 100% used [0x00000000eab00000,0x00000000f0b00000,0x00000000f0b00000)
  from space 62464K, 99% used [0x00000000f5500000,0x00000000f91fd868,0x00000000f9200000)
  to   space 55296K, 0% used [0x00000000f0b00000,0x00000000f0b00000,0x00000000f4100000)
 ParOldGen       total 228352K, used 163970K [0x00000000c0000000, 0x00000000cdf00000, 0x00000000eab00000)
  object space 228352K, 71% used [0x00000000c0000000,0x00000000ca020a90,0x00000000cdf00000)
 Metaspace       used 6285K, capacity 7216K, committed 7296K, reserved 1056768K
  class space    used 594K, capacity 616K, committed 640K, reserved 1048576K
Event: 63.429 GC heap after
Heap after GC invocations=29 (full 4):
 PSYoungGen      total 153600K, used 55273K [0x00000000eab00000, 0x00000000f9200000, 0x0000000100000000)
  eden space 98304K, 0% used [0x00000000eab00000,0x00000000eab00000,0x00000000f0b00000)
  from space 55296K, 99% used [0x00000000f0b00000,0x00000000f40fa660,0x00000000f4100000)
  to   space 62464K, 0% used [0x00000000f5500000,0x00000000f5500000,0x00000000f9200000)
 ParOldGen       total 228352K, used 187438K [0x00000000c0000000, 0x00000000cdf00000, 0x00000000eab00000)
  object space 228352K, 82% used [0x00000000c0000000,0x00000000cb70b8a0,0x00000000cdf00000)
 Metaspace       used 6285K, capacity 7216K, committed 7296K, reserved 1056768K
  class space    used 594K, capacity 616K, committed 640K, reserved 1048576K
}
Event: 65.282 GC heap before
{Heap before GC invocations=30 (full 4):
 PSYoungGen      total 153600K, used 153577K [0x00000000eab00000, 0x00000000f9200000, 0x0000000100000000)
  eden space 98304K, 100% used [0x00000000eab00000,0x00000000f0b00000,0x00000000f0b00000)
  from space 55296K, 99% used [0x00000000f0b00000,0x00000000f40fa660,0x00000000f4100000)
  to   space 62464K, 0% used [0x00000000f5500000,0x00000000f5500000,0x00000000f9200000)
 ParOldGen       total 228352K, used 187438K [0x00000000c0000000, 0x00000000cdf00000, 0x00000000eab00000)
  object space 228352K, 82% used [0x00000000c0000000,0x00000000cb70b8a0,0x00000000cdf00000)
 Metaspace       used 6290K, capacity 7216K, committed 7296K, reserved 1056768K
  class space    used 594K, capacity 616K, committed 640K, reserved 1048576K
Event: 65.693 GC heap after
Heap after GC invocations=30 (full 4):
 PSYoungGen      total 160768K, used 44718K [0x00000000eab00000, 0x00000000f9200000, 0x0000000100000000)
  eden space 98304K, 0% used [0x00000000eab00000,0x00000000eab00000,0x00000000f0b00000)
  from space 62464K, 71% used [0x00000000f5500000,0x00000000f80ab9c8,0x00000000f9200000)
  to   space 55296K, 0% used [0x00000000f0b00000,0x00000000f0b00000,0x00000000f4100000)
 ParOldGen       total 228352K, used 213952K [0x00000000c0000000, 0x00000000cdf00000, 0x00000000eab00000)
  object space 228352K, 93% used [0x00000000c0000000,0x00000000cd0f0078,0x00000000cdf00000)
 Metaspace       used 6290K, capacity 7216K, committed 7296K, reserved 1056768K
  class space    used 594K, capacity 616K, committed 640K, reserved 1048576K
}
Event: 65.693 GC heap before
{Heap before GC invocations=31 (full 5):
 PSYoungGen      total 160768K, used 44718K [0x00000000eab00000, 0x00000000f9200000, 0x0000000100000000)
  eden space 98304K, 0% used [0x00000000eab00000,0x00000000eab00000,0x00000000f0b00000)
  from space 62464K, 71% used [0x00000000f5500000,0x00000000f80ab9c8,0x00000000f9200000)
  to   space 55296K, 0% used [0x00000000f0b00000,0x00000000f0b00000,0x00000000f4100000)
 ParOldGen       total 228352K, used 213952K [0x00000000c0000000, 0x00000000cdf00000, 0x00000000eab00000)
  object space 228352K, 93% used [0x00000000c0000000,0x00000000cd0f0078,0x00000000cdf00000)
 Metaspace       used 6290K, capacity 7216K, committed 7296K, reserved 1056768K
  class space    used 594K, capacity 616K, committed 640K, reserved 1048576K
Event: 73.826 GC heap after
Heap after GC invocations=31 (full 5):
 PSYoungGen      total 160768K, used 27634K [0x00000000eab00000, 0x00000000f9200000, 0x0000000100000000)
  eden space 98304K, 0% used [0x00000000eab00000,0x00000000eab00000,0x00000000f0b00000)
  from space 62464K, 44% used [0x00000000f5500000,0x00000000f6ffc970,0x00000000f9200000)
  to   space 55296K, 0% used [0x00000000f0b00000,0x00000000f0b00000,0x00000000f4100000)
 ParOldGen       total 228352K, used 227968K [0x00000000c0000000, 0x00000000cdf00000, 0x00000000eab00000)
  object space 228352K, 99% used [0x00000000c0000000,0x00000000cdea0030,0x00000000cdf00000)
 Metaspace       used 6290K, capacity 7216K, committed 7296K, reserved 1056768K
  class space    used 594K, capacity 616K, committed 640K, reserved 1048576K
}

