# JRE version: Java(TM) SE Runtime Environment (8.0_101-b13) (build 1.8.0_101-b13)
# Java VM: Java HotSpot(TM) 64-Bit Server VM (25.101-b13 mixed mode windows-amd64 compressed oops)
Heap:
 PSYoungGen      total 134144K, used 25763K [0x00000000eab00000, 0x00000000f6c80000, 0x0000000100000000)
  eden space 105472K, 9% used [0x00000000eab00000,0x00000000eb539480,0x00000000f1200000)
  from space 28672K, 53% used [0x00000000f1200000,0x00000000f20efb30,0x00000000f2e00000)
  to   space 31232K, 0% used [0x00000000f4e00000,0x00000000f4e00000,0x00000000f6c80000)
 ParOldGen       total 130560K, used 74647K [0x00000000c0000000, 0x00000000c7f80000, 0x00000000eab00000)
  object space 130560K, 57% used [0x00000000c0000000,0x00000000c48e5c88,0x00000000c7f80000)
 Metaspace       used 6239K, capacity 7216K, committed 7296K, reserved 1056768K
  class space    used 592K, capacity 616K, committed 640K, reserved 1048576K
GC Heap History (10 events):
Event: 16.690 GC heap before
{Heap before GC invocations=9 (full 0):
 PSYoungGen      total 130560K, used 130540K [0x00000000eab00000, 0x00000000f4100000, 0x0000000100000000)
  eden space 118272K, 100% used [0x00000000eab00000,0x00000000f1e80000,0x00000000f1e80000)
  from space 12288K, 99% used [0x00000000f2e00000,0x00000000f39fb300,0x00000000f3a00000)
  to   space 15872K, 0% used [0x00000000f1e80000,0x00000000f1e80000,0x00000000f2e00000)
 ParOldGen       total 40960K, used 27446K [0x00000000c0000000, 0x00000000c2800000, 0x00000000eab00000)
  object space 40960K, 67% used [0x00000000c0000000,0x00000000c1acd9a8,0x00000000c2800000)
 Metaspace       used 6150K, capacity 7152K, committed 7296K, reserved 1056768K
  class space    used 590K, capacity 616K, committed 640K, reserved 1048576K
Event: 17.131 GC heap after
Heap after GC invocations=9 (full 0):
 PSYoungGen      total 134144K, used 15859K [0x00000000eab00000, 0x00000000f4100000, 0x0000000100000000)
  eden space 118272K, 0% used [0x00000000eab00000,0x00000000eab00000,0x00000000f1e80000)
  from space 15872K, 99% used [0x00000000f1e80000,0x00000000f2dfcc70,0x00000000f2e00000)
  to   space 12288K, 0% used [0x00000000f2e00000,0x00000000f2e00000,0x00000000f3a00000)
 ParOldGen       total 40960K, used 40256K [0x00000000c0000000, 0x00000000c2800000, 0x00000000eab00000)
  object space 40960K, 98% used [0x00000000c0000000,0x00000000c2750370,0x00000000c2800000)
 Metaspace       used 6150K, capacity 7152K, committed 7296K, reserved 1056768K
  class space    used 590K, capacity 616K, committed 640K, reserved 1048576K
}
Event: 17.131 GC heap before
{Heap before GC invocations=10 (full 1):
 PSYoungGen      total 134144K, used 15859K [0x00000000eab00000, 0x00000000f4100000, 0x0000000100000000)
  eden space 118272K, 0% used [0x00000000eab00000,0x00000000eab00000,0x00000000f1e80000)
  from space 15872K, 99% used [0x00000000f1e80000,0x00000000f2dfcc70,0x00000000f2e00000)
  to   space 12288K, 0% used [0x00000000f2e00000,0x00000000f2e00000,0x00000000f3a00000)
 ParOldGen       total 40960K, used 40256K [0x00000000c0000000, 0x00000000c2800000, 0x00000000eab00000)
  object space 40960K, 98% used [0x00000000c0000000,0x00000000c2750370,0x00000000c2800000)
 Metaspace       used 6150K, capacity 7152K, committed 7296K, reserved 1056768K
  class space    used 590K, capacity 616K, committed 640K, reserved 1048576K
Event: 18.708 GC heap after
Heap after GC invocations=10 (full 1):
 PSYoungGen      total 134144K, used 11167K [0x00000000eab00000, 0x00000000f4100000, 0x0000000100000000)
  eden space 118272K, 0% used [0x00000000eab00000,0x00000000eab00000,0x00000000f1e80000)
  from space 15872K, 70% used [0x00000000f1e80000,0x00000000f2967ec8,0x00000000f2e00000)
  to   space 12288K, 0% used [0x00000000f2e00000,0x00000000f2e00000,0x00000000f3a00000)
 ParOldGen       total 74752K, used 40799K [0x00000000c0000000, 0x00000000c4900000, 0x00000000eab00000)
  object space 74752K, 54% used [0x00000000c0000000,0x00000000c27d7f78,0x00000000c4900000)
 Metaspace       used 6150K, capacity 7152K, committed 7296K, reserved 1056768K
  class space    used 590K, capacity 616K, committed 640K, reserved 1048576K
}
Event: 21.498 GC heap before
{Heap before GC invocations=11 (full 1):
 PSYoungGen      total 134144K, used 129439K [0x00000000eab00000, 0x00000000f4100000, 0x0000000100000000)
  eden space 118272K, 100% used [0x00000000eab00000,0x00000000f1e80000,0x00000000f1e80000)
  from space 15872K, 70% used [0x00000000f1e80000,0x00000000f2967ec8,0x00000000f2e00000)
  to   space 12288K, 0% used [0x00000000f2e00000,0x00000000f2e00000,0x00000000f3a00000)
 ParOldGen       total 74752K, used 40799K [0x00000000c0000000, 0x00000000c4900000, 0x00000000eab00000)
  object space 74752K, 54% used [0x00000000c0000000,0x00000000c27d7f78,0x00000000c4900000)
 Metaspace       used 6167K, capacity 7152K, committed 7296K, reserved 1056768K
  class space    used 590K, capacity 616K, committed 640K, reserved 1048576K
Event: 21.731 GC heap after
Heap after GC invocations=11 (full 1):
 PSYoungGen      total 117760K, used 12266K [0x00000000eab00000, 0x00000000f7680000, 0x0000000100000000)
  eden space 105472K, 0% used [0x00000000eab00000,0x00000000eab00000,0x00000000f1200000)
  from space 12288K, 99% used [0x00000000f2e00000,0x00000000f39fa830,0x00000000f3a00000)
  to   space 28672K, 0% used [0x00000000f1200000,0x00000000f1200000,0x00000000f2e00000)
 ParOldGen       total 74752K, used 57449K [0x00000000c0000000, 0x00000000c4900000, 0x00000000eab00000)
  object space 74752K, 76% used [0x00000000c0000000,0x00000000c381a458,0x00000000c4900000)
 Metaspace       used 6167K, capacity 7152K, committed 7296K, reserved 1056768K
  class space    used 590K, capacity 616K, committed 640K, reserved 1048576K
}
Event: 24.416 GC heap before
{Heap before GC invocations=12 (full 1):
 PSYoungGen      total 117760K, used 117738K [0x00000000eab00000, 0x00000000f7680000, 0x0000000100000000)
  eden space 105472K, 100% used [0x00000000eab00000,0x00000000f1200000,0x00000000f1200000)
  from space 12288K, 99% used [0x00000000f2e00000,0x00000000f39fa830,0x00000000f3a00000)
  to   space 28672K, 0% used [0x00000000f1200000,0x00000000f1200000,0x00000000f2e00000)
 ParOldGen       total 74752K, used 57449K [0x00000000c0000000, 0x00000000c4900000, 0x00000000eab00000)
  object space 74752K, 76% used [0x00000000c0000000,0x00000000c381a458,0x00000000c4900000)
 Metaspace       used 6228K, capacity 7216K, committed 7296K, reserved 1056768K
  class space    used 591K, capacity 616K, committed 640K, reserved 1048576K
Event: 24.657 GC heap after
Heap after GC invocations=12 (full 1):
 PSYoungGen      total 134144K, used 23152K [0x00000000eab00000, 0x00000000f6c80000, 0x0000000100000000)
  eden space 105472K, 0% used [0x00000000eab00000,0x00000000eab00000,0x00000000f1200000)
  from space 28672K, 80% used [0x00000000f1200000,0x00000000f289c170,0x00000000f2e00000)
  to   space 31232K, 0% used [0x00000000f4e00000,0x00000000f4e00000,0x00000000f6c80000)
 ParOldGen       total 74752K, used 69756K [0x00000000c0000000, 0x00000000c4900000, 0x00000000eab00000)
  object space 74752K, 93% used [0x00000000c0000000,0x00000000c441f3c0,0x00000000c4900000)
 Metaspace       used 6228K, capacity 7216K, committed 7296K, reserved 1056768K
  class space    used 591K, capacity 616K, committed 640K, reserved 1048576K
}
Event: 24.657 GC heap before
{Heap before GC invocations=13 (full 2):
 PSYoungGen      total 134144K, used 23152K [0x00000000eab00000, 0x00000000f6c80000, 0x0000000100000000)
  eden space 105472K, 0% used [0x00000000eab00000,0x00000000eab00000,0x00000000f1200000)
  from space 28672K, 80% used [0x00000000f1200000,0x00000000f289c170,0x00000000f2e00000)
  to   space 31232K, 0% used [0x00000000f4e00000,0x00000000f4e00000,0x00000000f6c80000)
 ParOldGen       total 74752K, used 69756K [0x00000000c0000000, 0x00000000c4900000, 0x00000000eab00000)
  object space 74752K, 93% used [0x00000000c0000000,0x00000000c441f3c0,0x00000000c4900000)
 Metaspace       used 6228K, capacity 7216K, committed 7296K, reserved 1056768K
  class space    used 591K, capacity 616K, committed 640K, reserved 1048576K
Event: 26.562 GC heap after
Heap after GC invocations=13 (full 2):
 PSYoungGen      total 134144K, used 15294K [0x00000000eab00000, 0x00000000f6c80000, 0x0000000100000000)
  eden space 105472K, 0% used [0x00000000eab00000,0x00000000eab00000,0x00000000f1200000)
  from space 28672K, 53% used [0x00000000f1200000,0x00000000f20efb30,0x00000000f2e00000)
  to   space 31232K, 0% used [0x00000000f4e00000,0x00000000f4e00000,0x00000000f6c80000)
 ParOldGen       total 130560K, used 74647K [0x00000000c0000000, 0x00000000c7f80000, 0x00000000eab00000)
  object space 130560K, 57% used [0x00000000c0000000,0x00000000c48e5c88,0x00000000c7f80000)
 Metaspace       used 6228K, capacity 7216K, committed 7296K, reserved 1056768K
  class space    used 591K, capacity 616K, committed 640K, reserved 1048576K
}

