# JRE version: Java(TM) SE Runtime Environment (8.0_101-b13) (build 1.8.0_101-b13)
# Java VM: Java HotSpot(TM) 64-Bit Server VM (25.101-b13 mixed mode windows-amd64 compressed oops)
Heap:
 PSYoungGen      total 132608K, used 117248K [0x00000000eab00000, 0x00000000f3f00000, 0x0000000100000000)
  eden space 117248K, 100% used [0x00000000eab00000,0x00000000f1d80000,0x00000000f1d80000)
  from space 15360K, 0% used [0x00000000f1d80000,0x00000000f1d80000,0x00000000f2c80000)
  to   space 11776K, 0% used [0x00000000f2c80000,0x00000000f2c80000,0x00000000f3800000)
 ParOldGen       total 79872K, used 79505K [0x00000000c0000000, 0x00000000c4e00000, 0x00000000eab00000)
  object space 79872K, 99% used [0x00000000c0000000,0x00000000c4da47f0,0x00000000c4e00000)
 Metaspace       used 6283K, capacity 7216K, committed 7296K, reserved 1056768K
  class space    used 594K, capacity 616K, committed 640K, reserved 1048576K
GC Heap History (10 events):
Event: 47.287 GC heap after
Heap after GC invocations=71 (full 60):
 PSYoungGen      total 132608K, used 117225K [0x00000000eab00000, 0x00000000f3f00000, 0x0000000100000000)
  eden space 117248K, 99% used [0x00000000eab00000,0x00000000f1d7a678,0x00000000f1d80000)
  from space 15360K, 0% used [0x00000000f1d80000,0x00000000f1d80000,0x00000000f2c80000)
  to   space 11776K, 0% used [0x00000000f2c80000,0x00000000f2c80000,0x00000000f3800000)
 ParOldGen       total 79872K, used 79505K [0x00000000c0000000, 0x00000000c4e00000, 0x00000000eab00000)
  object space 79872K, 99% used [0x00000000c0000000,0x00000000c4da47f0,0x00000000c4e00000)
 Metaspace       used 6283K, capacity 7216K, committed 7296K, reserved 1056768K
  class space    used 594K, capacity 616K, committed 640K, reserved 1048576K
}
Event: 47.288 GC heap before
{Heap before GC invocations=72 (full 61):
 PSYoungGen      total 132608K, used 117248K [0x00000000eab00000, 0x00000000f3f00000, 0x0000000100000000)
  eden space 117248K, 100% used [0x00000000eab00000,0x00000000f1d80000,0x00000000f1d80000)
  from space 15360K, 0% used [0x00000000f1d80000,0x00000000f1d80000,0x00000000f2c80000)
  to   space 11776K, 0% used [0x00000000f2c80000,0x00000000f2c80000,0x00000000f3800000)
 ParOldGen       total 79872K, used 79505K [0x00000000c0000000, 0x00000000c4e00000, 0x00000000eab00000)
  object space 79872K, 99% used [0x00000000c0000000,0x00000000c4da47f0,0x00000000c4e00000)
 Metaspace       used 6283K, capacity 7216K, committed 7296K, reserved 1056768K
  class space    used 594K, capacity 616K, committed 640K, reserved 1048576K
Event: 47.809 GC heap after
Heap after GC invocations=72 (full 61):
 PSYoungGen      total 132608K, used 117229K [0x00000000eab00000, 0x00000000f3f00000, 0x0000000100000000)
  eden space 117248K, 99% used [0x00000000eab00000,0x00000000f1d7b5a0,0x00000000f1d80000)
  from space 15360K, 0% used [0x00000000f1d80000,0x00000000f1d80000,0x00000000f2c80000)
  to   space 11776K, 0% used [0x00000000f2c80000,0x00000000f2c80000,0x00000000f3800000)
 ParOldGen       total 79872K, used 79505K [0x00000000c0000000, 0x00000000c4e00000, 0x00000000eab00000)
  object space 79872K, 99% used [0x00000000c0000000,0x00000000c4da47f0,0x00000000c4e00000)
 Metaspace       used 6283K, capacity 7216K, committed 7296K, reserved 1056768K
  class space    used 594K, capacity 616K, committed 640K, reserved 1048576K
}
Event: 47.810 GC heap before
{Heap before GC invocations=73 (full 62):
 PSYoungGen      total 132608K, used 117248K [0x00000000eab00000, 0x00000000f3f00000, 0x0000000100000000)
  eden space 117248K, 100% used [0x00000000eab00000,0x00000000f1d80000,0x00000000f1d80000)
  from space 15360K, 0% used [0x00000000f1d80000,0x00000000f1d80000,0x00000000f2c80000)
  to   space 11776K, 0% used [0x00000000f2c80000,0x00000000f2c80000,0x00000000f3800000)
 ParOldGen       total 79872K, used 79505K [0x00000000c0000000, 0x00000000c4e00000, 0x00000000eab00000)
  object space 79872K, 99% used [0x00000000c0000000,0x00000000c4da47f0,0x00000000c4e00000)
 Metaspace       used 6283K, capacity 7216K, committed 7296K, reserved 1056768K
  class space    used 594K, capacity 616K, committed 640K, reserved 1048576K
Event: 48.319 GC heap after
Heap after GC invocations=73 (full 62):
 PSYoungGen      total 132608K, used 117234K [0x00000000eab00000, 0x00000000f3f00000, 0x0000000100000000)
  eden space 117248K, 99% used [0x00000000eab00000,0x00000000f1d7ca68,0x00000000f1d80000)
  from space 15360K, 0% used [0x00000000f1d80000,0x00000000f1d80000,0x00000000f2c80000)
  to   space 11776K, 0% used [0x00000000f2c80000,0x00000000f2c80000,0x00000000f3800000)
 ParOldGen       total 79872K, used 79505K [0x00000000c0000000, 0x00000000c4e00000, 0x00000000eab00000)
  object space 79872K, 99% used [0x00000000c0000000,0x00000000c4da47f0,0x00000000c4e00000)
 Metaspace       used 6283K, capacity 7216K, committed 7296K, reserved 1056768K
  class space    used 594K, capacity 616K, committed 640K, reserved 1048576K
}
Event: 48.320 GC heap before
{Heap before GC invocations=74 (full 63):
 PSYoungGen      total 132608K, used 117248K [0x00000000eab00000, 0x00000000f3f00000, 0x0000000100000000)
  eden space 117248K, 100% used [0x00000000eab00000,0x00000000f1d80000,0x00000000f1d80000)
  from space 15360K, 0% used [0x00000000f1d80000,0x00000000f1d80000,0x00000000f2c80000)
  to   space 11776K, 0% used [0x00000000f2c80000,0x00000000f2c80000,0x00000000f3800000)
 ParOldGen       total 79872K, used 79505K [0x00000000c0000000, 0x00000000c4e00000, 0x00000000eab00000)
  object space 79872K, 99% used [0x00000000c0000000,0x00000000c4da47f0,0x00000000c4e00000)
 Metaspace       used 6283K, capacity 7216K, committed 7296K, reserved 1056768K
  class space    used 594K, capacity 616K, committed 640K, reserved 1048576K
Event: 48.969 GC heap after
Heap after GC invocations=74 (full 63):
 PSYoungGen      total 132608K, used 117236K [0x00000000eab00000, 0x00000000f3f00000, 0x0000000100000000)
  eden space 117248K, 99% used [0x00000000eab00000,0x00000000f1d7d260,0x00000000f1d80000)
  from space 15360K, 0% used [0x00000000f1d80000,0x00000000f1d80000,0x00000000f2c80000)
  to   space 11776K, 0% used [0x00000000f2c80000,0x00000000f2c80000,0x00000000f3800000)
 ParOldGen       total 79872K, used 79505K [0x00000000c0000000, 0x00000000c4e00000, 0x00000000eab00000)
  object space 79872K, 99% used [0x00000000c0000000,0x00000000c4da47f0,0x00000000c4e00000)
 Metaspace       used 6283K, capacity 7216K, committed 7296K, reserved 1056768K
  class space    used 594K, capacity 616K, committed 640K, reserved 1048576K
}
Event: 48.969 GC heap before
{Heap before GC invocations=75 (full 64):
 PSYoungGen      total 132608K, used 117248K [0x00000000eab00000, 0x00000000f3f00000, 0x0000000100000000)
  eden space 117248K, 100% used [0x00000000eab00000,0x00000000f1d80000,0x00000000f1d80000)
  from space 15360K, 0% used [0x00000000f1d80000,0x00000000f1d80000,0x00000000f2c80000)
  to   space 11776K, 0% used [0x00000000f2c80000,0x00000000f2c80000,0x00000000f3800000)
 ParOldGen       total 79872K, used 79505K [0x00000000c0000000, 0x00000000c4e00000, 0x00000000eab00000)
  object space 79872K, 99% used [0x00000000c0000000,0x00000000c4da47f0,0x00000000c4e00000)
 Metaspace       used 6283K, capacity 7216K, committed 7296K, reserved 1056768K
  class space    used 594K, capacity 616K, committed 640K, reserved 1048576K
Event: 49.467 GC heap after
Heap after GC invocations=75 (full 64):
 PSYoungGen      total 132608K, used 117231K [0x00000000eab00000, 0x00000000f3f00000, 0x0000000100000000)
  eden space 117248K, 99% used [0x00000000eab00000,0x00000000f1d7bf10,0x00000000f1d80000)
  from space 15360K, 0% used [0x00000000f1d80000,0x00000000f1d80000,0x00000000f2c80000)
  to   space 11776K, 0% used [0x00000000f2c80000,0x00000000f2c80000,0x00000000f3800000)
 ParOldGen       total 79872K, used 79505K [0x00000000c0000000, 0x00000000c4e00000, 0x00000000eab00000)
  object space 79872K, 99% used [0x00000000c0000000,0x00000000c4da47f0,0x00000000c4e00000)
 Metaspace       used 6283K, capacity 7216K, committed 7296K, reserved 1056768K
  class space    used 594K, capacity 616K, committed 640K, reserved 1048576K
}
Event: 49.467 GC heap before
{Heap before GC invocations=76 (full 65):
 PSYoungGen      total 132608K, used 117248K [0x00000000eab00000, 0x00000000f3f00000, 0x0000000100000000)
  eden space 117248K, 100% used [0x00000000eab00000,0x00000000f1d80000,0x00000000f1d80000)
  from space 15360K, 0% used [0x00000000f1d80000,0x00000000f1d80000,0x00000000f2c80000)
  to   space 11776K, 0% used [0x00000000f2c80000,0x00000000f2c80000,0x00000000f3800000)
 ParOldGen       total 79872K, used 79505K [0x00000000c0000000, 0x00000000c4e00000, 0x00000000eab00000)
  object space 79872K, 99% used [0x00000000c0000000,0x00000000c4da47f0,0x00000000c4e00000)
 Metaspace       used 6283K, capacity 7216K, committed 7296K, reserved 1056768K
  class space    used 594K, capacity 616K, committed 640K, reserved 1048576K

