# JRE version: Java(TM) SE Runtime Environment (8.0_101-b13) (build 1.8.0_101-b13)
# Java VM: Java HotSpot(TM) 64-Bit Server VM (25.101-b13 mixed mode windows-amd64 compressed oops)
Heap:
 PSYoungGen      total 134144K, used 97471K [0x00000000eab00000, 0x00000000f9200000, 0x0000000100000000)
  eden space 118272K, 82% used [0x00000000eab00000,0x00000000f0a2ff30,0x00000000f1e80000)
  from space 15872K, 0% used [0x00000000f1e80000,0x00000000f1e80000,0x00000000f2e00000)
  to   space 23552K, 0% used [0x00000000f7b00000,0x00000000f7b00000,0x00000000f9200000)
 ParOldGen       total 40960K, used 40816K [0x00000000c0000000, 0x00000000c2800000, 0x00000000eab00000)
  object space 40960K, 99% used [0x00000000c0000000,0x00000000c27dc310,0x00000000c2800000)
 Metaspace       used 6238K, capacity 7216K, committed 7296K, reserved 1056768K
  class space    used 592K, capacity 616K, committed 640K, reserved 1048576K
GC Heap History (10 events):
Event: 13.167 GC heap before
{Heap before GC invocations=8 (full 0):
 PSYoungGen      total 68608K, used 68598K [0x00000000eab00000, 0x00000000f3a00000, 0x0000000100000000)
  eden space 60928K, 100% used [0x00000000eab00000,0x00000000ee680000,0x00000000ee680000)
  from space 7680K, 99% used [0x00000000ee680000,0x00000000eedfdb80,0x00000000eee00000)
  to   space 12288K, 0% used [0x00000000f2e00000,0x00000000f2e00000,0x00000000f3a00000)
 ParOldGen       total 40960K, used 22532K [0x00000000c0000000, 0x00000000c2800000, 0x00000000eab00000)
  object space 40960K, 55% used [0x00000000c0000000,0x00000000c16013d8,0x00000000c2800000)
 Metaspace       used 6127K, capacity 7152K, committed 7296K, reserved 1056768K
  class space    used 590K, capacity 616K, committed 640K, reserved 1048576K
Event: 13.405 GC heap after
Heap after GC invocations=8 (full 0):
 PSYoungGen      total 130560K, used 12258K [0x00000000eab00000, 0x00000000f4100000, 0x0000000100000000)
  eden space 118272K, 0% used [0x00000000eab00000,0x00000000eab00000,0x00000000f1e80000)
  from space 12288K, 99% used [0x00000000f2e00000,0x00000000f39f8848,0x00000000f3a00000)
  to   space 15872K, 0% used [0x00000000f1e80000,0x00000000f1e80000,0x00000000f2e00000)
 ParOldGen       total 40960K, used 27274K [0x00000000c0000000, 0x00000000c2800000, 0x00000000eab00000)
  object space 40960K, 66% used [0x00000000c0000000,0x00000000c1aa2828,0x00000000c2800000)
 Metaspace       used 6127K, capacity 7152K, committed 7296K, reserved 1056768K
  class space    used 590K, capacity 616K, committed 640K, reserved 1048576K
}
Event: 16.365 GC heap before
{Heap before GC invocations=9 (full 0):
 PSYoungGen      total 130560K, used 130530K [0x00000000eab00000, 0x00000000f4100000, 0x0000000100000000)
  eden space 118272K, 100% used [0x00000000eab00000,0x00000000f1e80000,0x00000000f1e80000)
  from space 12288K, 99% used [0x00000000f2e00000,0x00000000f39f8848,0x00000000f3a00000)
  to   space 15872K, 0% used [0x00000000f1e80000,0x00000000f1e80000,0x00000000f2e00000)
 ParOldGen       total 40960K, used 27274K [0x00000000c0000000, 0x00000000c2800000, 0x00000000eab00000)
  object space 40960K, 66% used [0x00000000c0000000,0x00000000c1aa2828,0x00000000c2800000)
 Metaspace       used 6158K, capacity 7152K, committed 7296K, reserved 1056768K
  class space    used 590K, capacity 616K, committed 640K, reserved 1048576K
Event: 16.787 GC heap after
Heap after GC invocations=9 (full 0):
 PSYoungGen      total 134144K, used 15849K [0x00000000eab00000, 0x00000000f9200000, 0x0000000100000000)
  eden space 118272K, 0% used [0x00000000eab00000,0x00000000eab00000,0x00000000f1e80000)
  from space 15872K, 99% used [0x00000000f1e80000,0x00000000f2dfa5e0,0x00000000f2e00000)
  to   space 23552K, 0% used [0x00000000f7b00000,0x00000000f7b00000,0x00000000f9200000)
 ParOldGen       total 40960K, used 39864K [0x00000000c0000000, 0x00000000c2800000, 0x00000000eab00000)
  object space 40960K, 97% used [0x00000000c0000000,0x00000000c26ee250,0x00000000c2800000)
 Metaspace       used 6158K, capacity 7152K, committed 7296K, reserved 1056768K
  class space    used 590K, capacity 616K, committed 640K, reserved 1048576K
}
Event: 16.788 GC heap before
{Heap before GC invocations=10 (full 1):
 PSYoungGen      total 134144K, used 15849K [0x00000000eab00000, 0x00000000f9200000, 0x0000000100000000)
  eden space 118272K, 0% used [0x00000000eab00000,0x00000000eab00000,0x00000000f1e80000)
  from space 15872K, 99% used [0x00000000f1e80000,0x00000000f2dfa5e0,0x00000000f2e00000)
  to   space 23552K, 0% used [0x00000000f7b00000,0x00000000f7b00000,0x00000000f9200000)
 ParOldGen       total 40960K, used 39864K [0x00000000c0000000, 0x00000000c2800000, 0x00000000eab00000)
  object space 40960K, 97% used [0x00000000c0000000,0x00000000c26ee250,0x00000000c2800000)
 Metaspace       used 6158K, capacity 7152K, committed 7296K, reserved 1056768K
  class space    used 590K, capacity 616K, committed 640K, reserved 1048576K
Event: 19.010 GC heap after
Heap after GC invocations=10 (full 1):
 PSYoungGen      total 134144K, used 11218K [0x00000000eab00000, 0x00000000f9200000, 0x0000000100000000)
  eden space 118272K, 0% used [0x00000000eab00000,0x00000000eab00000,0x00000000f1e80000)
  from space 15872K, 70% used [0x00000000f1e80000,0x00000000f2974950,0x00000000f2e00000)
  to   space 23552K, 0% used [0x00000000f7b00000,0x00000000f7b00000,0x00000000f9200000)
 ParOldGen       total 40960K, used 40919K [0x00000000c0000000, 0x00000000c2800000, 0x00000000eab00000)
  object space 40960K, 99% used [0x00000000c0000000,0x00000000c27f5d70,0x00000000c2800000)
 Metaspace       used 6158K, capacity 7152K, committed 7296K, reserved 1056768K
  class space    used 590K, capacity 616K, committed 640K, reserved 1048576K
}
Event: 22.307 GC heap before
{Heap before GC invocations=11 (full 2):
 PSYoungGen      total 134144K, used 129490K [0x00000000eab00000, 0x00000000f9200000, 0x0000000100000000)
  eden space 118272K, 100% used [0x00000000eab00000,0x00000000f1e80000,0x00000000f1e80000)
  from space 15872K, 70% used [0x00000000f1e80000,0x00000000f2974950,0x00000000f2e00000)
  to   space 23552K, 0% used [0x00000000f7b00000,0x00000000f7b00000,0x00000000f9200000)
 ParOldGen       total 40960K, used 40919K [0x00000000c0000000, 0x00000000c2800000, 0x00000000eab00000)
  object space 40960K, 99% used [0x00000000c0000000,0x00000000c27f5d70,0x00000000c2800000)
 Metaspace       used 6174K, capacity 7152K, committed 7296K, reserved 1056768K
  class space    used 590K, capacity 616K, committed 640K, reserved 1048576K
Event: 23.893 GC heap after
Heap after GC invocations=11 (full 2):
 PSYoungGen      total 134144K, used 27733K [0x00000000eab00000, 0x00000000f9200000, 0x0000000100000000)
  eden space 118272K, 23% used [0x00000000eab00000,0x00000000ec615698,0x00000000f1e80000)
  from space 15872K, 0% used [0x00000000f1e80000,0x00000000f1e80000,0x00000000f2e00000)
  to   space 23552K, 0% used [0x00000000f7b00000,0x00000000f7b00000,0x00000000f9200000)
 ParOldGen       total 40960K, used 40870K [0x00000000c0000000, 0x00000000c2800000, 0x00000000eab00000)
  object space 40960K, 99% used [0x00000000c0000000,0x00000000c27e9a80,0x00000000c2800000)
 Metaspace       used 6174K, capacity 7152K, committed 7296K, reserved 1056768K
  class space    used 590K, capacity 616K, committed 640K, reserved 1048576K
}
Event: 26.316 GC heap before
{Heap before GC invocations=12 (full 3):
 PSYoungGen      total 134144K, used 118272K [0x00000000eab00000, 0x00000000f9200000, 0x0000000100000000)
  eden space 118272K, 100% used [0x00000000eab00000,0x00000000f1e80000,0x00000000f1e80000)
  from space 15872K, 0% used [0x00000000f1e80000,0x00000000f1e80000,0x00000000f2e00000)
  to   space 23552K, 0% used [0x00000000f7b00000,0x00000000f7b00000,0x00000000f9200000)
 ParOldGen       total 40960K, used 40870K [0x00000000c0000000, 0x00000000c2800000, 0x00000000eab00000)
  object space 40960K, 99% used [0x00000000c0000000,0x00000000c27e9a80,0x00000000c2800000)
 Metaspace       used 6226K, capacity 7216K, committed 7296K, reserved 1056768K
  class space    used 591K, capacity 616K, committed 640K, reserved 1048576K
Event: 27.912 GC heap after
Heap after GC invocations=12 (full 3):
 PSYoungGen      total 134144K, used 42781K [0x00000000eab00000, 0x00000000f9200000, 0x0000000100000000)
  eden space 118272K, 36% used [0x00000000eab00000,0x00000000ed4c7430,0x00000000f1e80000)
  from space 15872K, 0% used [0x00000000f1e80000,0x00000000f1e80000,0x00000000f2e00000)
  to   space 23552K, 0% used [0x00000000f7b00000,0x00000000f7b00000,0x00000000f9200000)
 ParOldGen       total 40960K, used 40816K [0x00000000c0000000, 0x00000000c2800000, 0x00000000eab00000)
  object space 40960K, 99% used [0x00000000c0000000,0x00000000c27dc310,0x00000000c2800000)
 Metaspace       used 6226K, capacity 7216K, committed 7296K, reserved 1056768K
  class space    used 591K, capacity 616K, committed 640K, reserved 1048576K
}

