# JRE version: Java(TM) SE Runtime Environment (8.0_101-b13) (build 1.8.0_101-b13)
# Java VM: Java HotSpot(TM) 64-Bit Server VM (25.101-b13 mixed mode windows-amd64 compressed oops)
Heap:
 PSYoungGen      total 154112K, used 48938K [0x00000000eab00000, 0x00000000f7600000, 0x0000000100000000)
  eden space 136192K, 24% used [0x00000000eab00000,0x00000000ecb8ed78,0x00000000f3000000)
  from space 17920K, 87% used [0x00000000f3000000,0x00000000f3f3bd00,0x00000000f4180000)
  to   space 20480K, 0% used [0x00000000f6200000,0x00000000f6200000,0x00000000f7600000)
 ParOldGen       total 63488K, used 37300K [0x00000000c0000000, 0x00000000c3e00000, 0x00000000eab00000)
  object space 63488K, 58% used [0x00000000c0000000,0x00000000c246d148,0x00000000c3e00000)
 Metaspace       used 51994K, capacity 53466K, committed 53632K, reserved 1095680K
  class space    used 7152K, capacity 7540K, committed 7552K, reserved 1048576K
GC Heap History (10 events):
Event: 11.969 GC heap before
{Heap before GC invocations=14 (full 2):
 PSYoungGen      total 119808K, used 118574K [0x00000000eab00000, 0x00000000f4f80000, 0x0000000100000000)
  eden space 107008K, 100% used [0x00000000eab00000,0x00000000f1380000,0x00000000f1380000)
  from space 12800K, 90% used [0x00000000f1380000,0x00000000f1ecbbc8,0x00000000f2000000)
  to   space 14336K, 0% used [0x00000000f4180000,0x00000000f4180000,0x00000000f4f80000)
 ParOldGen       total 63488K, used 21154K [0x00000000c0000000, 0x00000000c3e00000, 0x00000000eab00000)
  object space 63488K, 33% used [0x00000000c0000000,0x00000000c14a8bc8,0x00000000c3e00000)
 Metaspace       used 45970K, capacity 47026K, committed 47232K, reserved 1089536K
  class space    used 6442K, capacity 6723K, committed 6784K, reserved 1048576K
Event: 12.003 GC heap after
Heap after GC invocations=14 (full 2):
 PSYoungGen      total 150528K, used 14314K [0x00000000eab00000, 0x00000000f5600000, 0x0000000100000000)
  eden space 136192K, 0% used [0x00000000eab00000,0x00000000eab00000,0x00000000f3000000)
  from space 14336K, 99% used [0x00000000f4180000,0x00000000f4f7abe8,0x00000000f4f80000)
  to   space 17920K, 0% used [0x00000000f3000000,0x00000000f3000000,0x00000000f4180000)
 ParOldGen       total 63488K, used 25755K [0x00000000c0000000, 0x00000000c3e00000, 0x00000000eab00000)
  object space 63488K, 40% used [0x00000000c0000000,0x00000000c1926d68,0x00000000c3e00000)
 Metaspace       used 45970K, capacity 47026K, committed 47232K, reserved 1089536K
  class space    used 6442K, capacity 6723K, committed 6784K, reserved 1048576K
}
Event: 12.356 GC heap before
{Heap before GC invocations=15 (full 2):
 PSYoungGen      total 150528K, used 33634K [0x00000000eab00000, 0x00000000f5600000, 0x0000000100000000)
  eden space 136192K, 14% used [0x00000000eab00000,0x00000000ebdddc40,0x00000000f3000000)
  from space 14336K, 99% used [0x00000000f4180000,0x00000000f4f7abe8,0x00000000f4f80000)
  to   space 17920K, 0% used [0x00000000f3000000,0x00000000f3000000,0x00000000f4180000)
 ParOldGen       total 63488K, used 25755K [0x00000000c0000000, 0x00000000c3e00000, 0x00000000eab00000)
  object space 63488K, 40% used [0x00000000c0000000,0x00000000c1926d68,0x00000000c3e00000)
 Metaspace       used 46870K, capacity 48136K, committed 48384K, reserved 1091584K
  class space    used 6578K, capacity 6866K, committed 6912K, reserved 1048576K
Event: 12.382 GC heap after
Heap after GC invocations=15 (full 2):
 PSYoungGen      total 154112K, used 16418K [0x00000000eab00000, 0x00000000f5a00000, 0x0000000100000000)
  eden space 136192K, 0% used [0x00000000eab00000,0x00000000eab00000,0x00000000f3000000)
  from space 17920K, 91% used [0x00000000f3000000,0x00000000f4008810,0x00000000f4180000)
  to   space 19968K, 0% used [0x00000000f4680000,0x00000000f4680000,0x00000000f5a00000)
 ParOldGen       total 63488K, used 25755K [0x00000000c0000000, 0x00000000c3e00000, 0x00000000eab00000)
  object space 63488K, 40% used [0x00000000c0000000,0x00000000c1926d68,0x00000000c3e00000)
 Metaspace       used 46870K, capacity 48136K, committed 48384K, reserved 1091584K
  class space    used 6578K, capacity 6866K, committed 6912K, reserved 1048576K
}
Event: 12.382 GC heap before
{Heap before GC invocations=16 (full 3):
 PSYoungGen      total 154112K, used 16418K [0x00000000eab00000, 0x00000000f5a00000, 0x0000000100000000)
  eden space 136192K, 0% used [0x00000000eab00000,0x00000000eab00000,0x00000000f3000000)
  from space 17920K, 91% used [0x00000000f3000000,0x00000000f4008810,0x00000000f4180000)
  to   space 19968K, 0% used [0x00000000f4680000,0x00000000f4680000,0x00000000f5a00000)
 ParOldGen       total 63488K, used 25755K [0x00000000c0000000, 0x00000000c3e00000, 0x00000000eab00000)
  object space 63488K, 40% used [0x00000000c0000000,0x00000000c1926d68,0x00000000c3e00000)
 Metaspace       used 46870K, capacity 48136K, committed 48384K, reserved 1091584K
  class space    used 6578K, capacity 6866K, committed 6912K, reserved 1048576K
Event: 12.688 GC heap after
Heap after GC invocations=16 (full 3):
 PSYoungGen      total 154112K, used 0K [0x00000000eab00000, 0x00000000f5a00000, 0x0000000100000000)
  eden space 136192K, 0% used [0x00000000eab00000,0x00000000eab00000,0x00000000f3000000)
  from space 17920K, 0% used [0x00000000f3000000,0x00000000f3000000,0x00000000f4180000)
  to   space 19968K, 0% used [0x00000000f4680000,0x00000000f4680000,0x00000000f5a00000)
 ParOldGen       total 63488K, used 37284K [0x00000000c0000000, 0x00000000c3e00000, 0x00000000eab00000)
  object space 63488K, 58% used [0x00000000c0000000,0x00000000c2469148,0x00000000c3e00000)
 Metaspace       used 46870K, capacity 48136K, committed 48384K, reserved 1091584K
  class space    used 6578K, capacity 6866K, committed 6912K, reserved 1048576K
}
Event: 18.170 GC heap before
{Heap before GC invocations=17 (full 3):
 PSYoungGen      total 154112K, used 136192K [0x00000000eab00000, 0x00000000f5a00000, 0x0000000100000000)
  eden space 136192K, 100% used [0x00000000eab00000,0x00000000f3000000,0x00000000f3000000)
  from space 17920K, 0% used [0x00000000f3000000,0x00000000f3000000,0x00000000f4180000)
  to   space 19968K, 0% used [0x00000000f4680000,0x00000000f4680000,0x00000000f5a00000)
 ParOldGen       total 63488K, used 37284K [0x00000000c0000000, 0x00000000c3e00000, 0x00000000eab00000)
  object space 63488K, 58% used [0x00000000c0000000,0x00000000c2469148,0x00000000c3e00000)
 Metaspace       used 48461K, capacity 49802K, committed 49920K, reserved 1091584K
  class space    used 6746K, capacity 7073K, committed 7168K, reserved 1048576K
Event: 18.181 GC heap after
Heap after GC invocations=17 (full 3):
 PSYoungGen      total 156160K, used 7554K [0x00000000eab00000, 0x00000000f5a00000, 0x0000000100000000)
  eden space 136192K, 0% used [0x00000000eab00000,0x00000000eab00000,0x00000000f3000000)
  from space 19968K, 37% used [0x00000000f4680000,0x00000000f4de0a08,0x00000000f5a00000)
  to   space 17920K, 0% used [0x00000000f3000000,0x00000000f3000000,0x00000000f4180000)
 ParOldGen       total 63488K, used 37292K [0x00000000c0000000, 0x00000000c3e00000, 0x00000000eab00000)
  object space 63488K, 58% used [0x00000000c0000000,0x00000000c246b148,0x00000000c3e00000)
 Metaspace       used 48461K, capacity 49802K, committed 49920K, reserved 1091584K
  class space    used 6746K, capacity 7073K, committed 7168K, reserved 1048576K
}
Event: 29.321 GC heap before
{Heap before GC invocations=18 (full 3):
 PSYoungGen      total 156160K, used 143746K [0x00000000eab00000, 0x00000000f5a00000, 0x0000000100000000)
  eden space 136192K, 100% used [0x00000000eab00000,0x00000000f3000000,0x00000000f3000000)
  from space 19968K, 37% used [0x00000000f4680000,0x00000000f4de0a08,0x00000000f5a00000)
  to   space 17920K, 0% used [0x00000000f3000000,0x00000000f3000000,0x00000000f4180000)
 ParOldGen       total 63488K, used 37292K [0x00000000c0000000, 0x00000000c3e00000, 0x00000000eab00000)
  object space 63488K, 58% used [0x00000000c0000000,0x00000000c246b148,0x00000000c3e00000)
 Metaspace       used 51706K, capacity 53178K, committed 53376K, reserved 1095680K
  class space    used 7130K, capacity 7508K, committed 7552K, reserved 1048576K
Event: 29.342 GC heap after
Heap after GC invocations=18 (full 3):
 PSYoungGen      total 154112K, used 15599K [0x00000000eab00000, 0x00000000f7600000, 0x0000000100000000)
  eden space 136192K, 0% used [0x00000000eab00000,0x00000000eab00000,0x00000000f3000000)
  from space 17920K, 87% used [0x00000000f3000000,0x00000000f3f3bd00,0x00000000f4180000)
  to   space 20480K, 0% used [0x00000000f6200000,0x00000000f6200000,0x00000000f7600000)
 ParOldGen       total 63488K, used 37300K [0x00000000c0000000, 0x00000000c3e00000, 0x00000000eab00000)
  object space 63488K, 58% used [0x00000000c0000000,0x00000000c246d148,0x00000000c3e00000)
 Metaspace       used 51706K, capacity 53178K, committed 53376K, reserved 1095680K
  class space    used 7130K, capacity 7508K, committed 7552K, reserved 1048576K
}

