# JRE version: Java(TM) SE Runtime Environment (8.0_101-b13) (build 1.8.0_101-b13)
# Java VM: Java HotSpot(TM) 64-Bit Server VM (25.101-b13 mixed mode windows-amd64 compressed oops)
Heap:
 PSYoungGen      total 258048K, used 76450K [0x00000000eab00000, 0x00000000fbe80000, 0x0000000100000000)
  eden space 233984K, 25% used [0x00000000eab00000,0x00000000ee664aa8,0x00000000f8f80000)
  from space 24064K, 64% used [0x00000000f8f80000,0x00000000f9ec3fe8,0x00000000fa700000)
  to   space 23552K, 0% used [0x00000000fa780000,0x00000000fa780000,0x00000000fbe80000)
 ParOldGen       total 120832K, used 39243K [0x00000000c0000000, 0x00000000c7600000, 0x00000000eab00000)
  object space 120832K, 32% used [0x00000000c0000000,0x00000000c2652e60,0x00000000c7600000)
 Metaspace       used 58778K, capacity 60032K, committed 60160K, reserved 1101824K
  class space    used 7825K, capacity 8158K, committed 8192K, reserved 1048576K
GC Heap History (10 events):
Event: 31.415 GC heap before
{Heap before GC invocations=23 (full 3):
 PSYoungGen      total 168448K, used 144704K [0x00000000eab00000, 0x00000000f8700000, 0x0000000100000000)
  eden space 142336K, 100% used [0x00000000eab00000,0x00000000f3600000,0x00000000f3600000)
  from space 26112K, 9% used [0x00000000f3600000,0x00000000f3850000,0x00000000f4f80000)
  to   space 25600K, 0% used [0x00000000f6e00000,0x00000000f6e00000,0x00000000f8700000)
 ParOldGen       total 120832K, used 73736K [0x00000000c0000000, 0x00000000c7600000, 0x00000000eab00000)
  object space 120832K, 61% used [0x00000000c0000000,0x00000000c48022e8,0x00000000c7600000)
 Metaspace       used 55784K, capacity 56754K, committed 56960K, reserved 1097728K
  class space    used 7501K, capacity 7782K, committed 7808K, reserved 1048576K
Event: 31.488 GC heap after
Heap after GC invocations=23 (full 3):
 PSYoungGen      total 200192K, used 2496K [0x00000000eab00000, 0x00000000f9200000, 0x0000000100000000)
  eden space 174592K, 0% used [0x00000000eab00000,0x00000000eab00000,0x00000000f5580000)
  from space 25600K, 9% used [0x00000000f6e00000,0x00000000f7070000,0x00000000f8700000)
  to   space 25088K, 0% used [0x00000000f5580000,0x00000000f5580000,0x00000000f6e00000)
 ParOldGen       total 120832K, used 76096K [0x00000000c0000000, 0x00000000c7600000, 0x00000000eab00000)
  object space 120832K, 62% used [0x00000000c0000000,0x00000000c4a502e8,0x00000000c7600000)
 Metaspace       used 55784K, capacity 56754K, committed 56960K, reserved 1097728K
  class space    used 7501K, capacity 7782K, committed 7808K, reserved 1048576K
}
Event: 31.717 GC heap before
{Heap before GC invocations=24 (full 3):
 PSYoungGen      total 200192K, used 177088K [0x00000000eab00000, 0x00000000f9200000, 0x0000000100000000)
  eden space 174592K, 100% used [0x00000000eab00000,0x00000000f5580000,0x00000000f5580000)
  from space 25600K, 9% used [0x00000000f6e00000,0x00000000f7070000,0x00000000f8700000)
  to   space 25088K, 0% used [0x00000000f5580000,0x00000000f5580000,0x00000000f6e00000)
 ParOldGen       total 120832K, used 76096K [0x00000000c0000000, 0x00000000c7600000, 0x00000000eab00000)
  object space 120832K, 62% used [0x00000000c0000000,0x00000000c4a502e8,0x00000000c7600000)
 Metaspace       used 55785K, capacity 56754K, committed 56960K, reserved 1097728K
  class space    used 7501K, capacity 7782K, committed 7808K, reserved 1048576K
Event: 31.863 GC heap after
Heap after GC invocations=24 (full 3):
 PSYoungGen      total 199680K, used 3712K [0x00000000eab00000, 0x00000000fbf80000, 0x0000000100000000)
  eden space 174592K, 0% used [0x00000000eab00000,0x00000000eab00000,0x00000000f5580000)
  from space 25088K, 14% used [0x00000000f5580000,0x00000000f5920000,0x00000000f6e00000)
  to   space 24576K, 0% used [0x00000000fa780000,0x00000000fa780000,0x00000000fbf80000)
 ParOldGen       total 120832K, used 78552K [0x00000000c0000000, 0x00000000c7600000, 0x00000000eab00000)
  object space 120832K, 65% used [0x00000000c0000000,0x00000000c4cb62e8,0x00000000c7600000)
 Metaspace       used 55785K, capacity 56754K, committed 56960K, reserved 1097728K
  class space    used 7501K, capacity 7782K, committed 7808K, reserved 1048576K
}
Event: 33.696 GC heap before
{Heap before GC invocations=25 (full 3):
 PSYoungGen      total 199680K, used 96826K [0x00000000eab00000, 0x00000000fbf80000, 0x0000000100000000)
  eden space 174592K, 53% used [0x00000000eab00000,0x00000000f05eeaa0,0x00000000f5580000)
  from space 25088K, 14% used [0x00000000f5580000,0x00000000f5920000,0x00000000f6e00000)
  to   space 24576K, 0% used [0x00000000fa780000,0x00000000fa780000,0x00000000fbf80000)
 ParOldGen       total 120832K, used 78552K [0x00000000c0000000, 0x00000000c7600000, 0x00000000eab00000)
  object space 120832K, 65% used [0x00000000c0000000,0x00000000c4cb62e8,0x00000000c7600000)
 Metaspace       used 56768K, capacity 57650K, committed 57856K, reserved 1099776K
  class space    used 7666K, capacity 7910K, committed 7936K, reserved 1048576K
Event: 33.814 GC heap after
Heap after GC invocations=25 (full 3):
 PSYoungGen      total 257536K, used 2029K [0x00000000eab00000, 0x00000000fbe80000, 0x0000000100000000)
  eden space 233984K, 0% used [0x00000000eab00000,0x00000000eab00000,0x00000000f8f80000)
  from space 23552K, 8% used [0x00000000fa780000,0x00000000fa97b420,0x00000000fbe80000)
  to   space 24064K, 0% used [0x00000000f8f80000,0x00000000f8f80000,0x00000000fa700000)
 ParOldGen       total 120832K, used 81144K [0x00000000c0000000, 0x00000000c7600000, 0x00000000eab00000)
  object space 120832K, 67% used [0x00000000c0000000,0x00000000c4f3e2e8,0x00000000c7600000)
 Metaspace       used 56768K, capacity 57650K, committed 57856K, reserved 1099776K
  class space    used 7666K, capacity 7910K, committed 7936K, reserved 1048576K
}
Event: 33.814 GC heap before
{Heap before GC invocations=26 (full 4):
 PSYoungGen      total 257536K, used 2029K [0x00000000eab00000, 0x00000000fbe80000, 0x0000000100000000)
  eden space 233984K, 0% used [0x00000000eab00000,0x00000000eab00000,0x00000000f8f80000)
  from space 23552K, 8% used [0x00000000fa780000,0x00000000fa97b420,0x00000000fbe80000)
  to   space 24064K, 0% used [0x00000000f8f80000,0x00000000f8f80000,0x00000000fa700000)
 ParOldGen       total 120832K, used 81144K [0x00000000c0000000, 0x00000000c7600000, 0x00000000eab00000)
  object space 120832K, 67% used [0x00000000c0000000,0x00000000c4f3e2e8,0x00000000c7600000)
 Metaspace       used 56768K, capacity 57650K, committed 57856K, reserved 1099776K
  class space    used 7666K, capacity 7910K, committed 7936K, reserved 1048576K
Event: 34.671 GC heap after
Heap after GC invocations=26 (full 4):
 PSYoungGen      total 257536K, used 0K [0x00000000eab00000, 0x00000000fbe80000, 0x0000000100000000)
  eden space 233984K, 0% used [0x00000000eab00000,0x00000000eab00000,0x00000000f8f80000)
  from space 23552K, 0% used [0x00000000fa780000,0x00000000fa780000,0x00000000fbe80000)
  to   space 24064K, 0% used [0x00000000f8f80000,0x00000000f8f80000,0x00000000fa700000)
 ParOldGen       total 120832K, used 39235K [0x00000000c0000000, 0x00000000c7600000, 0x00000000eab00000)
  object space 120832K, 32% used [0x00000000c0000000,0x00000000c2650e60,0x00000000c7600000)
 Metaspace       used 56768K, capacity 57650K, committed 57856K, reserved 1099776K
  class space    used 7666K, capacity 7910K, committed 7936K, reserved 1048576K
}
Event: 46.255 GC heap before
{Heap before GC invocations=27 (full 4):
 PSYoungGen      total 257536K, used 233984K [0x00000000eab00000, 0x00000000fbe80000, 0x0000000100000000)
  eden space 233984K, 100% used [0x00000000eab00000,0x00000000f8f80000,0x00000000f8f80000)
  from space 23552K, 0% used [0x00000000fa780000,0x00000000fa780000,0x00000000fbe80000)
  to   space 24064K, 0% used [0x00000000f8f80000,0x00000000f8f80000,0x00000000fa700000)
 ParOldGen       total 120832K, used 39235K [0x00000000c0000000, 0x00000000c7600000, 0x00000000eab00000)
  object space 120832K, 32% used [0x00000000c0000000,0x00000000c2650e60,0x00000000c7600000)
 Metaspace       used 58654K, capacity 59904K, committed 60160K, reserved 1101824K
  class space    used 7825K, capacity 8158K, committed 8192K, reserved 1048576K
Event: 46.289 GC heap after
Heap after GC invocations=27 (full 4):
 PSYoungGen      total 258048K, used 15631K [0x00000000eab00000, 0x00000000fbe80000, 0x0000000100000000)
  eden space 233984K, 0% used [0x00000000eab00000,0x00000000eab00000,0x00000000f8f80000)
  from space 24064K, 64% used [0x00000000f8f80000,0x00000000f9ec3fe8,0x00000000fa700000)
  to   space 23552K, 0% used [0x00000000fa780000,0x00000000fa780000,0x00000000fbe80000)
 ParOldGen       total 120832K, used 39243K [0x00000000c0000000, 0x00000000c7600000, 0x00000000eab00000)
  object space 120832K, 32% used [0x00000000c0000000,0x00000000c2652e60,0x00000000c7600000)
 Metaspace       used 58654K, capacity 59904K, committed 60160K, reserved 1101824K
  class space    used 7825K, capacity 8158K, committed 8192K, reserved 1048576K
}

