# JRE version: Java(TM) SE Runtime Environment (8.0_101-b13) (build 1.8.0_101-b13)
# Java VM: Java HotSpot(TM) 64-Bit Server VM (25.101-b13 mixed mode windows-amd64 compressed oops)
Heap:
 PSYoungGen      total 283648K, used 125350K [0x00000000eab00000, 0x00000000fd580000, 0x0000000100000000)
  eden space 272896K, 45% used [0x00000000eab00000,0x00000000f2569968,0x00000000fb580000)
  from space 10752K, 0% used [0x00000000fcb00000,0x00000000fcb00000,0x00000000fd580000)
  to   space 16384K, 0% used [0x00000000fb580000,0x00000000fb580000,0x00000000fc580000)
 ParOldGen       total 68608K, used 35694K [0x00000000c0000000, 0x00000000c4300000, 0x00000000eab00000)
  object space 68608K, 52% used [0x00000000c0000000,0x00000000c22db948,0x00000000c4300000)
 Metaspace       used 54422K, capacity 55372K, committed 55552K, reserved 1097728K
  class space    used 7354K, capacity 7621K, committed 7680K, reserved 1048576K
GC Heap History (10 events):
Event: 49.875 GC heap before
{Heap before GC invocations=11 (full 1):
 PSYoungGen      total 127488K, used 28874K [0x00000000eab00000, 0x00000000f7880000, 0x0000000100000000)
  eden space 118784K, 16% used [0x00000000eab00000,0x00000000ebeb6030,0x00000000f1f00000)
  from space 8704K, 99% used [0x00000000f1f00000,0x00000000f277cab8,0x00000000f2780000)
  to   space 12288K, 0% used [0x00000000f6c80000,0x00000000f6c80000,0x00000000f7880000)
 ParOldGen       total 34304K, used 18053K [0x00000000c0000000, 0x00000000c2180000, 0x00000000eab00000)
  object space 34304K, 52% used [0x00000000c0000000,0x00000000c11a17f8,0x00000000c2180000)
 Metaspace       used 34740K, capacity 35344K, committed 35456K, reserved 1079296K
  class space    used 4788K, capacity 4924K, committed 4992K, reserved 1048576K
Event: 50.205 GC heap after
Heap after GC invocations=11 (full 1):
 PSYoungGen      total 198144K, used 8270K [0x00000000eab00000, 0x00000000f7b80000, 0x0000000100000000)
  eden space 185856K, 0% used [0x00000000eab00000,0x00000000eab00000,0x00000000f6080000)
  from space 12288K, 67% used [0x00000000f6c80000,0x00000000f7493990,0x00000000f7880000)
  to   space 12288K, 0% used [0x00000000f6080000,0x00000000f6080000,0x00000000f6c80000)
 ParOldGen       total 34304K, used 20610K [0x00000000c0000000, 0x00000000c2180000, 0x00000000eab00000)
  object space 34304K, 60% used [0x00000000c0000000,0x00000000c1420840,0x00000000c2180000)
 Metaspace       used 34740K, capacity 35344K, committed 35456K, reserved 1079296K
  class space    used 4788K, capacity 4924K, committed 4992K, reserved 1048576K
}
Event: 50.205 GC heap before
{Heap before GC invocations=12 (full 2):
 PSYoungGen      total 198144K, used 8270K [0x00000000eab00000, 0x00000000f7b80000, 0x0000000100000000)
  eden space 185856K, 0% used [0x00000000eab00000,0x00000000eab00000,0x00000000f6080000)
  from space 12288K, 67% used [0x00000000f6c80000,0x00000000f7493990,0x00000000f7880000)
  to   space 12288K, 0% used [0x00000000f6080000,0x00000000f6080000,0x00000000f6c80000)
 ParOldGen       total 34304K, used 20610K [0x00000000c0000000, 0x00000000c2180000, 0x00000000eab00000)
  object space 34304K, 60% used [0x00000000c0000000,0x00000000c1420840,0x00000000c2180000)
 Metaspace       used 34740K, capacity 35344K, committed 35456K, reserved 1079296K
  class space    used 4788K, capacity 4924K, committed 4992K, reserved 1048576K
Event: 50.584 GC heap after
Heap after GC invocations=12 (full 2):
 PSYoungGen      total 198144K, used 0K [0x00000000eab00000, 0x00000000f7b80000, 0x0000000100000000)
  eden space 185856K, 0% used [0x00000000eab00000,0x00000000eab00000,0x00000000f6080000)
  from space 12288K, 0% used [0x00000000f6c80000,0x00000000f6c80000,0x00000000f7880000)
  to   space 12288K, 0% used [0x00000000f6080000,0x00000000f6080000,0x00000000f6c80000)
 ParOldGen       total 44032K, used 18992K [0x00000000c0000000, 0x00000000c2b00000, 0x00000000eab00000)
  object space 44032K, 43% used [0x00000000c0000000,0x00000000c128c018,0x00000000c2b00000)
 Metaspace       used 34740K, capacity 35344K, committed 35456K, reserved 1079296K
  class space    used 4788K, capacity 4924K, committed 4992K, reserved 1048576K
}
Event: 61.753 GC heap before
{Heap before GC invocations=13 (full 2):
 PSYoungGen      total 198144K, used 185856K [0x00000000eab00000, 0x00000000f7b80000, 0x0000000100000000)
  eden space 185856K, 100% used [0x00000000eab00000,0x00000000f6080000,0x00000000f6080000)
  from space 12288K, 0% used [0x00000000f6c80000,0x00000000f6c80000,0x00000000f7880000)
  to   space 12288K, 0% used [0x00000000f6080000,0x00000000f6080000,0x00000000f6c80000)
 ParOldGen       total 44032K, used 18992K [0x00000000c0000000, 0x00000000c2b00000, 0x00000000eab00000)
  object space 44032K, 43% used [0x00000000c0000000,0x00000000c128c018,0x00000000c2b00000)
 Metaspace       used 46437K, capacity 47268K, committed 47360K, reserved 1089536K
  class space    used 6424K, capacity 6651K, committed 6656K, reserved 1048576K
Event: 61.780 GC heap after
Heap after GC invocations=13 (full 2):
 PSYoungGen      total 198144K, used 12266K [0x00000000eab00000, 0x00000000fdb80000, 0x0000000100000000)
  eden space 185856K, 0% used [0x00000000eab00000,0x00000000eab00000,0x00000000f6080000)
  from space 12288K, 99% used [0x00000000f6080000,0x00000000f6c7abe8,0x00000000f6c80000)
  to   space 16896K, 0% used [0x00000000fcb00000,0x00000000fcb00000,0x00000000fdb80000)
 ParOldGen       total 44032K, used 26187K [0x00000000c0000000, 0x00000000c2b00000, 0x00000000eab00000)
  object space 44032K, 59% used [0x00000000c0000000,0x00000000c1992d00,0x00000000c2b00000)
 Metaspace       used 46437K, capacity 47268K, committed 47360K, reserved 1089536K
  class space    used 6424K, capacity 6651K, committed 6656K, reserved 1048576K
}
Event: 75.551 GC heap before
{Heap before GC invocations=14 (full 2):
 PSYoungGen      total 198144K, used 198122K [0x00000000eab00000, 0x00000000fdb80000, 0x0000000100000000)
  eden space 185856K, 100% used [0x00000000eab00000,0x00000000f6080000,0x00000000f6080000)
  from space 12288K, 99% used [0x00000000f6080000,0x00000000f6c7abe8,0x00000000f6c80000)
  to   space 16896K, 0% used [0x00000000fcb00000,0x00000000fcb00000,0x00000000fdb80000)
 ParOldGen       total 44032K, used 26187K [0x00000000c0000000, 0x00000000c2b00000, 0x00000000eab00000)
  object space 44032K, 59% used [0x00000000c0000000,0x00000000c1992d00,0x00000000c2b00000)
 Metaspace       used 48153K, capacity 49034K, committed 49152K, reserved 1091584K
  class space    used 6584K, capacity 6812K, committed 6912K, reserved 1048576K
Event: 75.576 GC heap after
Heap after GC invocations=14 (full 2):
 PSYoungGen      total 283648K, used 3957K [0x00000000eab00000, 0x00000000fd580000, 0x0000000100000000)
  eden space 272896K, 0% used [0x00000000eab00000,0x00000000eab00000,0x00000000fb580000)
  from space 10752K, 36% used [0x00000000fcb00000,0x00000000fcedd7a0,0x00000000fd580000)
  to   space 16384K, 0% used [0x00000000fb580000,0x00000000fb580000,0x00000000fc580000)
 ParOldGen       total 44032K, used 38378K [0x00000000c0000000, 0x00000000c2b00000, 0x00000000eab00000)
  object space 44032K, 87% used [0x00000000c0000000,0x00000000c257a9e8,0x00000000c2b00000)
 Metaspace       used 48153K, capacity 49034K, committed 49152K, reserved 1091584K
  class space    used 6584K, capacity 6812K, committed 6912K, reserved 1048576K
}
Event: 75.576 GC heap before
{Heap before GC invocations=15 (full 3):
 PSYoungGen      total 283648K, used 3957K [0x00000000eab00000, 0x00000000fd580000, 0x0000000100000000)
  eden space 272896K, 0% used [0x00000000eab00000,0x00000000eab00000,0x00000000fb580000)
  from space 10752K, 36% used [0x00000000fcb00000,0x00000000fcedd7a0,0x00000000fd580000)
  to   space 16384K, 0% used [0x00000000fb580000,0x00000000fb580000,0x00000000fc580000)
 ParOldGen       total 44032K, used 38378K [0x00000000c0000000, 0x00000000c2b00000, 0x00000000eab00000)
  object space 44032K, 87% used [0x00000000c0000000,0x00000000c257a9e8,0x00000000c2b00000)
 Metaspace       used 48153K, capacity 49034K, committed 49152K, reserved 1091584K
  class space    used 6584K, capacity 6812K, committed 6912K, reserved 1048576K
Event: 76.402 GC heap after
Heap after GC invocations=15 (full 3):
 PSYoungGen      total 283648K, used 0K [0x00000000eab00000, 0x00000000fd580000, 0x0000000100000000)
  eden space 272896K, 0% used [0x00000000eab00000,0x00000000eab00000,0x00000000fb580000)
  from space 10752K, 0% used [0x00000000fcb00000,0x00000000fcb00000,0x00000000fd580000)
  to   space 16384K, 0% used [0x00000000fb580000,0x00000000fb580000,0x00000000fc580000)
 ParOldGen       total 68608K, used 35694K [0x00000000c0000000, 0x00000000c4300000, 0x00000000eab00000)
  object space 68608K, 52% used [0x00000000c0000000,0x00000000c22db948,0x00000000c4300000)
 Metaspace       used 48153K, capacity 49034K, committed 49152K, reserved 1091584K
  class space    used 6584K, capacity 6812K, committed 6912K, reserved 1048576K
}

