# JRE version: Java(TM) SE Runtime Environment (8.0_101-b13) (build 1.8.0_101-b13)
# Java VM: Java HotSpot(TM) 64-Bit Server VM (25.101-b13 mixed mode windows-amd64 compressed oops)
Heap:
 PSYoungGen      total 141312K, used 56363K [0x00000000eab00000, 0x00000000f7a80000, 0x0000000100000000)
  eden space 130048K, 34% used [0x00000000eab00000,0x00000000ed70ef00,0x00000000f2a00000)
  from space 11264K, 99% used [0x00000000f2a00000,0x00000000f34fbfe8,0x00000000f3500000)
  to   space 14336K, 0% used [0x00000000f6c80000,0x00000000f6c80000,0x00000000f7a80000)
 ParOldGen       total 49152K, used 19898K [0x00000000c0000000, 0x00000000c3000000, 0x00000000eab00000)
  object space 49152K, 40% used [0x00000000c0000000,0x00000000c136e8e8,0x00000000c3000000)
 Metaspace       used 45992K, capacity 47006K, committed 47104K, reserved 1089536K
  class space    used 6344K, capacity 6582K, committed 6656K, reserved 1048576K
GC Heap History (10 events):
Event: 8.559 GC heap before
{Heap before GC invocations=9 (full 1):
 PSYoungGen      total 69632K, used 67657K [0x00000000eab00000, 0x00000000f1b00000, 0x0000000100000000)
  eden space 60416K, 100% used [0x00000000eab00000,0x00000000ee600000,0x00000000ee600000)
  from space 9216K, 78% used [0x00000000ee600000,0x00000000eed124c8,0x00000000eef00000)
  to   space 9728K, 0% used [0x00000000f1180000,0x00000000f1180000,0x00000000f1b00000)
 ParOldGen       total 40448K, used 12963K [0x00000000c0000000, 0x00000000c2780000, 0x00000000eab00000)
  object space 40448K, 32% used [0x00000000c0000000,0x00000000c0ca8d08,0x00000000c2780000)
 Metaspace       used 28186K, capacity 28814K, committed 29056K, reserved 1075200K
  class space    used 3948K, capacity 4125K, committed 4224K, reserved 1048576K
Event: 8.613 GC heap after
Heap after GC invocations=9 (full 1):
 PSYoungGen      total 104960K, used 5974K [0x00000000eab00000, 0x00000000f1e00000, 0x0000000100000000)
  eden space 95232K, 0% used [0x00000000eab00000,0x00000000eab00000,0x00000000f0800000)
  from space 9728K, 61% used [0x00000000f1180000,0x00000000f1755b68,0x00000000f1b00000)
  to   space 9728K, 0% used [0x00000000f0800000,0x00000000f0800000,0x00000000f1180000)
 ParOldGen       total 40448K, used 12963K [0x00000000c0000000, 0x00000000c2780000, 0x00000000eab00000)
  object space 40448K, 32% used [0x00000000c0000000,0x00000000c0ca8d08,0x00000000c2780000)
 Metaspace       used 28186K, capacity 28814K, committed 29056K, reserved 1075200K
  class space    used 3948K, capacity 4125K, committed 4224K, reserved 1048576K
}
Event: 10.978 GC heap before
{Heap before GC invocations=10 (full 1):
 PSYoungGen      total 104960K, used 101206K [0x00000000eab00000, 0x00000000f1e00000, 0x0000000100000000)
  eden space 95232K, 100% used [0x00000000eab00000,0x00000000f0800000,0x00000000f0800000)
  from space 9728K, 61% used [0x00000000f1180000,0x00000000f1755b68,0x00000000f1b00000)
  to   space 9728K, 0% used [0x00000000f0800000,0x00000000f0800000,0x00000000f1180000)
 ParOldGen       total 40448K, used 12963K [0x00000000c0000000, 0x00000000c2780000, 0x00000000eab00000)
  object space 40448K, 32% used [0x00000000c0000000,0x00000000c0ca8d08,0x00000000c2780000)
 Metaspace       used 33939K, capacity 34698K, committed 34816K, reserved 1079296K
  class space    used 4637K, capacity 4830K, committed 4864K, reserved 1048576K
Event: 11.019 GC heap after
Heap after GC invocations=10 (full 1):
 PSYoungGen      total 104960K, used 9727K [0x00000000eab00000, 0x00000000f4080000, 0x0000000100000000)
  eden space 95232K, 0% used [0x00000000eab00000,0x00000000eab00000,0x00000000f0800000)
  from space 9728K, 99% used [0x00000000f0800000,0x00000000f117fc88,0x00000000f1180000)
  to   space 11776K, 0% used [0x00000000f3500000,0x00000000f3500000,0x00000000f4080000)
 ParOldGen       total 40448K, used 14605K [0x00000000c0000000, 0x00000000c2780000, 0x00000000eab00000)
  object space 40448K, 36% used [0x00000000c0000000,0x00000000c0e43690,0x00000000c2780000)
 Metaspace       used 33939K, capacity 34698K, committed 34816K, reserved 1079296K
  class space    used 4637K, capacity 4830K, committed 4864K, reserved 1048576K
}
Event: 11.393 GC heap before
{Heap before GC invocations=11 (full 1):
 PSYoungGen      total 104960K, used 27679K [0x00000000eab00000, 0x00000000f4080000, 0x0000000100000000)
  eden space 95232K, 18% used [0x00000000eab00000,0x00000000ebc87fe8,0x00000000f0800000)
  from space 9728K, 99% used [0x00000000f0800000,0x00000000f117fc88,0x00000000f1180000)
  to   space 11776K, 0% used [0x00000000f3500000,0x00000000f3500000,0x00000000f4080000)
 ParOldGen       total 40448K, used 14605K [0x00000000c0000000, 0x00000000c2780000, 0x00000000eab00000)
  object space 40448K, 36% used [0x00000000c0000000,0x00000000c0e43690,0x00000000c2780000)
 Metaspace       used 34536K, capacity 35312K, committed 35456K, reserved 1079296K
  class space    used 4731K, capacity 4927K, committed 4992K, reserved 1048576K
Event: 11.444 GC heap after
Heap after GC invocations=11 (full 1):
 PSYoungGen      total 141824K, used 4652K [0x00000000eab00000, 0x00000000f4700000, 0x0000000100000000)
  eden space 130048K, 0% used [0x00000000eab00000,0x00000000eab00000,0x00000000f2a00000)
  from space 11776K, 39% used [0x00000000f3500000,0x00000000f398b038,0x00000000f4080000)
  to   space 11264K, 0% used [0x00000000f2a00000,0x00000000f2a00000,0x00000000f3500000)
 ParOldGen       total 40448K, used 17857K [0x00000000c0000000, 0x00000000c2780000, 0x00000000eab00000)
  object space 40448K, 44% used [0x00000000c0000000,0x00000000c11706d8,0x00000000c2780000)
 Metaspace       used 34536K, capacity 35312K, committed 35456K, reserved 1079296K
  class space    used 4731K, capacity 4927K, committed 4992K, reserved 1048576K
}
Event: 11.444 GC heap before
{Heap before GC invocations=12 (full 2):
 PSYoungGen      total 141824K, used 4652K [0x00000000eab00000, 0x00000000f4700000, 0x0000000100000000)
  eden space 130048K, 0% used [0x00000000eab00000,0x00000000eab00000,0x00000000f2a00000)
  from space 11776K, 39% used [0x00000000f3500000,0x00000000f398b038,0x00000000f4080000)
  to   space 11264K, 0% used [0x00000000f2a00000,0x00000000f2a00000,0x00000000f3500000)
 ParOldGen       total 40448K, used 17857K [0x00000000c0000000, 0x00000000c2780000, 0x00000000eab00000)
  object space 40448K, 44% used [0x00000000c0000000,0x00000000c11706d8,0x00000000c2780000)
 Metaspace       used 34536K, capacity 35312K, committed 35456K, reserved 1079296K
  class space    used 4731K, capacity 4927K, committed 4992K, reserved 1048576K
Event: 11.557 GC heap after
Heap after GC invocations=12 (full 2):
 PSYoungGen      total 141824K, used 0K [0x00000000eab00000, 0x00000000f4700000, 0x0000000100000000)
  eden space 130048K, 0% used [0x00000000eab00000,0x00000000eab00000,0x00000000f2a00000)
  from space 11776K, 0% used [0x00000000f3500000,0x00000000f3500000,0x00000000f4080000)
  to   space 11264K, 0% used [0x00000000f2a00000,0x00000000f2a00000,0x00000000f3500000)
 ParOldGen       total 49152K, used 15705K [0x00000000c0000000, 0x00000000c3000000, 0x00000000eab00000)
  object space 49152K, 31% used [0x00000000c0000000,0x00000000c0f56660,0x00000000c3000000)
 Metaspace       used 34510K, capacity 35224K, committed 35456K, reserved 1079296K
  class space    used 4723K, capacity 4919K, committed 4992K, reserved 1048576K
}
Event: 14.656 GC heap before
{Heap before GC invocations=13 (full 2):
 PSYoungGen      total 141824K, used 130048K [0x00000000eab00000, 0x00000000f4700000, 0x0000000100000000)
  eden space 130048K, 100% used [0x00000000eab00000,0x00000000f2a00000,0x00000000f2a00000)
  from space 11776K, 0% used [0x00000000f3500000,0x00000000f3500000,0x00000000f4080000)
  to   space 11264K, 0% used [0x00000000f2a00000,0x00000000f2a00000,0x00000000f3500000)
 ParOldGen       total 49152K, used 15705K [0x00000000c0000000, 0x00000000c3000000, 0x00000000eab00000)
  object space 49152K, 31% used [0x00000000c0000000,0x00000000c0f56660,0x00000000c3000000)
 Metaspace       used 44467K, capacity 45342K, committed 45568K, reserved 1089536K
  class space    used 6066K, capacity 6291K, committed 6400K, reserved 1048576K
Event: 14.704 GC heap after
Heap after GC invocations=13 (full 2):
 PSYoungGen      total 141312K, used 11247K [0x00000000eab00000, 0x00000000f7a80000, 0x0000000100000000)
  eden space 130048K, 0% used [0x00000000eab00000,0x00000000eab00000,0x00000000f2a00000)
  from space 11264K, 99% used [0x00000000f2a00000,0x00000000f34fbfe8,0x00000000f3500000)
  to   space 14336K, 0% used [0x00000000f6c80000,0x00000000f6c80000,0x00000000f7a80000)
 ParOldGen       total 49152K, used 19898K [0x00000000c0000000, 0x00000000c3000000, 0x00000000eab00000)
  object space 49152K, 40% used [0x00000000c0000000,0x00000000c136e8e8,0x00000000c3000000)
 Metaspace       used 44467K, capacity 45342K, committed 45568K, reserved 1089536K
  class space    used 6066K, capacity 6291K, committed 6400K, reserved 1048576K
}

